[2021-08-07 14:20:11.287] [sharedprocess] [info] main {"machineId":"674632bb4b671443ea5bc339c90d6ec909967be56d5db8dc0b62b5c660dd9f53","windowId":2}
[2021-08-07 14:20:11.322] [sharedprocess] [error] [File Watcher (node.js)] Error: ENOENT: no such file or directory, stat '/var/www/html/decameron/~/.vscode-root/User/snippets'
[2021-08-07 14:20:51.303] [sharedprocess] [info] Starting to clean up unused language packs.
[2021-08-08 10:18:50.927] [sharedprocess] [info] Installing extension: codezombiech.gitignore
[2021-08-08 10:18:51.770] [sharedprocess] [info] Downloaded extension: codezombiech.gitignore undefined
[2021-08-08 10:18:54.163] [sharedprocess] [info] Extracted extension to /root/.vscode/extensions/.codezombiech.gitignore-0.7.0: codezombiech.gitignore
[2021-08-08 10:18:54.165] [sharedprocess] [info] Renamed to /root/.vscode/extensions/codezombiech.gitignore-0.7.0
[2021-08-08 10:18:54.167] [sharedprocess] [info] Installation completed. codezombiech.gitignore
[2021-08-08 10:18:54.173] [sharedprocess] [info] Extensions installed successfully: codezombiech.gitignore
[2021-08-08 10:19:06.390] [sharedprocess] [info] Installing extension: michelemelluso.gitignore
[2021-08-08 10:19:06.840] [sharedprocess] [info] Downloaded extension: michelemelluso.gitignore undefined
[2021-08-08 10:19:06.860] [sharedprocess] [info] Extracted extension to /root/.vscode/extensions/.michelemelluso.gitignore-1.0.1: michelemelluso.gitignore
[2021-08-08 10:19:06.860] [sharedprocess] [info] Renamed to /root/.vscode/extensions/michelemelluso.gitignore-1.0.1
[2021-08-08 10:19:06.861] [sharedprocess] [info] Installation completed. michelemelluso.gitignore
[2021-08-08 10:19:06.864] [sharedprocess] [info] Extensions installed successfully: michelemelluso.gitignore
[2021-08-08 10:19:08.154] [sharedprocess] [info] Uninstalling extension: codezombiech.gitignore
[2021-08-08 10:19:08.157] [sharedprocess] [info] Successfully uninstalled extension: codezombiech.gitignore
[2021-08-08 10:43:55.834] [sharedprocess] [info] Installing extension: hookyqr.beautify
[2021-08-08 10:43:56.542] [sharedprocess] [info] Downloaded extension: hookyqr.beautify undefined
[2021-08-08 10:43:57.058] [sharedprocess] [info] Extracted extension to /root/.vscode/extensions/.hookyqr.beautify-1.5.0: hookyqr.beautify
[2021-08-08 10:43:57.058] [sharedprocess] [info] Renamed to /root/.vscode/extensions/hookyqr.beautify-1.5.0
[2021-08-08 10:43:57.059] [sharedprocess] [info] Installation completed. hookyqr.beautify
[2021-08-08 10:43:57.063] [sharedprocess] [info] Extensions installed successfully: hookyqr.beautify
