Looking for git in: git
Using git 2.25.1 from git
> git rev-parse --git-dir
Open repository: /var/www/html/decameron
> git status -z -u
> git symbolic-ref --short HEAD
> git rev-parse main
> git rev-parse --symbolic-full-name main@{u}
> git rev-list --left-right main...refs/remotes/origin/main
> git for-each-ref --sort -committerdate --format %(refname) %(objectname)
> git remote --verbose
> git config --get commit.template
> git check-ignore -v -z --stdin
> git show --textconv :client.php
> git ls-files --stage -- /var/www/html/decameron/client.php
> git check-ignore -v -z --stdin
> git status -z -u
> git symbolic-ref --short HEAD
> git rev-parse main
> git rev-parse --symbolic-full-name main@{u}
> git rev-list --left-right main...refs/remotes/origin/main
> git for-each-ref --sort -committerdate --format %(refname) %(objectname)
> git remote --verbose
> git config --get commit.template
> git status -z -u
> git symbolic-ref --short HEAD
> git rev-parse main
> git rev-parse --symbolic-full-name main@{u}
> git rev-list --left-right main...refs/remotes/origin/main
> git for-each-ref --sort -committerdate --format %(refname) %(objectname)
> git remote --verbose
> git config --get commit.template
> git status -z -u
> git symbolic-ref --short HEAD
> git rev-parse main
> git rev-parse --symbolic-full-name main@{u}
> git rev-list --left-right main...refs/remotes/origin/main
> git for-each-ref --sort -committerdate --format %(refname) %(objectname)
> git remote --verbose
> git config --get commit.template
> git status -z -u
> git symbolic-ref --short HEAD
> git rev-parse main
> git rev-parse --symbolic-full-name main@{u}
> git rev-list --left-right main...refs/remotes/origin/main
> git for-each-ref --sort -committerdate --format %(refname) %(objectname)
> git remote --verbose
> git config --get commit.template
> git show --textconv :test.php
> git ls-files --stage -- /var/www/html/decameron/test.php
> git check-ignore -v -z --stdin
> git status -z -u
> git symbolic-ref --short HEAD
> git rev-parse main
> git rev-parse --symbolic-full-name main@{u}
> git rev-list --left-right main...refs/remotes/origin/main
> git for-each-ref --sort -committerdate --format %(refname) %(objectname)
> git remote --verbose
> git config --get commit.template
> git show --textconv :client.php
> git ls-files --stage -- /var/www/html/decameron/client.php
> git log --format=%H%n%aN%n%aE%n%at%n%ct%n%P%n%B -z -n21 -- /var/www/html/decameron/client.php
> git log --format=%H%n%aN%n%aE%n%at%n%ct%n%P%n%B -z -n41 -- /var/www/html/decameron/client.php
> git show --textconv :test.php
> git ls-files --stage -- /var/www/html/decameron/test.php
> git status -z -u
> git symbolic-ref --short HEAD
> git rev-parse main
> git rev-parse --symbolic-full-name main@{u}
> git rev-list --left-right main...refs/remotes/origin/main
> git for-each-ref --sort -committerdate --format %(refname) %(objectname)
> git remote --verbose
> git config --get commit.template
> git status -z -u
> git symbolic-ref --short HEAD
> git rev-parse main
> git rev-parse --symbolic-full-name main@{u}
> git rev-list --left-right main...refs/remotes/origin/main
> git for-each-ref --sort -committerdate --format %(refname) %(objectname)
> git remote --verbose
> git config --get commit.template
> git status -z -u
> git symbolic-ref --short HEAD
> git rev-parse main
> git rev-parse --symbolic-full-name main@{u}
> git rev-list --left-right main...refs/remotes/origin/main
> git for-each-ref --sort -committerdate --format %(refname) %(objectname)
> git remote --verbose
> git config --get commit.template
> git status -z -u
> git symbolic-ref --short HEAD
> git rev-parse main
> git rev-parse --symbolic-full-name main@{u}
> git rev-list --left-right main...refs/remotes/origin/main
> git for-each-ref --sort -committerdate --format %(refname) %(objectname)
> git remote --verbose
> git config --get commit.template
> git status -z -u
> git symbolic-ref --short HEAD
> git rev-parse main
> git rev-parse --symbolic-full-name main@{u}
> git rev-list --left-right main...refs/remotes/origin/main
> git for-each-ref --sort -committerdate --format %(refname) %(objectname)
> git remote --verbose
> git config --get commit.template
> git status -z -u
> git symbolic-ref --short HEAD
> git rev-parse main
> git rev-parse --symbolic-full-name main@{u}
> git rev-list --left-right main...refs/remotes/origin/main
> git for-each-ref --sort -committerdate --format %(refname) %(objectname)
> git remote --verbose
> git config --get commit.template
> git status -z -u
> git symbolic-ref --short HEAD
> git rev-parse main
> git rev-parse --symbolic-full-name main@{u}
> git rev-list --left-right main...refs/remotes/origin/main
> git for-each-ref --sort -committerdate --format %(refname) %(objectname)
> git remote --verbose
> git config --get commit.template
> git status -z -u
> git symbolic-ref --short HEAD
> git rev-parse main
> git rev-parse --symbolic-full-name main@{u}
> git rev-list --left-right main...refs/remotes/origin/main
> git for-each-ref --sort -committerdate --format %(refname) %(objectname)
> git remote --verbose
> git config --get commit.template
> git status -z -u
> git symbolic-ref --short HEAD
> git rev-parse main
> git rev-parse --symbolic-full-name main@{u}
> git rev-list --left-right main...refs/remotes/origin/main
> git for-each-ref --sort -committerdate --format %(refname) %(objectname)
> git remote --verbose
> git config --get commit.template
> git status -z -u
> git symbolic-ref --short HEAD
> git rev-parse main
> git rev-parse --symbolic-full-name main@{u}
> git rev-list --left-right main...refs/remotes/origin/main
> git for-each-ref --sort -committerdate --format %(refname) %(objectname)
> git remote --verbose
> git config --get commit.template
> git status -z -u
> git symbolic-ref --short HEAD
> git rev-parse main
> git rev-parse --symbolic-full-name main@{u}
> git rev-list --left-right main...refs/remotes/origin/main
> git for-each-ref --sort -committerdate --format %(refname) %(objectname)
> git remote --verbose
> git config --get commit.template
> git status -z -u
> git symbolic-ref --short HEAD
> git rev-parse main
> git rev-parse --symbolic-full-name main@{u}
> git rev-list --left-right main...refs/remotes/origin/main
> git for-each-ref --sort -committerdate --format %(refname) %(objectname)
> git remote --verbose
> git config --get commit.template
> git status -z -u
> git symbolic-ref --short HEAD
> git rev-parse main
> git rev-parse --symbolic-full-name main@{u}
> git rev-list --left-right main...refs/remotes/origin/main
> git for-each-ref --sort -committerdate --format %(refname) %(objectname)
> git remote --verbose
> git config --get commit.template
> git status -z -u
> git symbolic-ref --short HEAD
> git rev-parse main
> git rev-parse --symbolic-full-name main@{u}
> git rev-list --left-right main...refs/remotes/origin/main
> git for-each-ref --sort -committerdate --format %(refname) %(objectname)
> git remote --verbose
> git config --get commit.template
> git status -z -u
> git symbolic-ref --short HEAD
> git rev-parse main
> git rev-parse --symbolic-full-name main@{u}
> git rev-list --left-right main...refs/remotes/origin/main
> git for-each-ref --sort -committerdate --format %(refname) %(objectname)
> git remote --verbose
> git config --get commit.template
> git status -z -u
> git symbolic-ref --short HEAD
> git rev-parse main
> git rev-parse --symbolic-full-name main@{u}
> git rev-list --left-right main...refs/remotes/origin/main
> git for-each-ref --sort -committerdate --format %(refname) %(objectname)
> git remote --verbose
> git config --get commit.template
> git status -z -u
> git symbolic-ref --short HEAD
> git rev-parse main
> git rev-parse --symbolic-full-name main@{u}
> git rev-list --left-right main...refs/remotes/origin/main
> git for-each-ref --sort -committerdate --format %(refname) %(objectname)
> git remote --verbose
> git config --get commit.template
> git status -z -u
> git symbolic-ref --short HEAD
> git rev-parse main
> git rev-parse --symbolic-full-name main@{u}
> git rev-list --left-right main...refs/remotes/origin/main
> git for-each-ref --sort -committerdate --format %(refname) %(objectname)
> git remote --verbose
> git config --get commit.template
> git status -z -u
> git symbolic-ref --short HEAD
> git rev-parse main
> git rev-parse --symbolic-full-name main@{u}
> git rev-list --left-right main...refs/remotes/origin/main
> git for-each-ref --sort -committerdate --format %(refname) %(objectname)
> git remote --verbose
> git config --get commit.template
> git status -z -u
> git symbolic-ref --short HEAD
> git rev-parse main
> git rev-parse --symbolic-full-name main@{u}
> git rev-list --left-right main...refs/remotes/origin/main
> git for-each-ref --sort -committerdate --format %(refname) %(objectname)
> git remote --verbose
> git config --get commit.template
> git status -z -u
> git symbolic-ref --short HEAD
> git rev-parse main
> git rev-parse --symbolic-full-name main@{u}
> git rev-list --left-right main...refs/remotes/origin/main
> git for-each-ref --sort -committerdate --format %(refname) %(objectname)
> git remote --verbose
> git config --get commit.template
> git check-ignore -v -z --stdin
> git add -A -- /var/www/html/decameron/client.php /var/www/html/decameron/composer.json /var/www/html/decameron/composer.lock /var/www/html/decameron/composer.phar /var/www/html/decameron/test.php /var/www/html/decameron/vendor/autoload.php /var/www/html/decameron/vendor/bin/contentful /var/www/html/decameron/vendor/cache/adapter-common/AbstractCachePool.php /var/www/html/decameron/vendor/cache/adapter-common/CacheItem.php /var/www/html/decameron/vendor/cache/adapter-common/Changelog.md /var/www/html/decameron/vendor/cache/adapter-common/Exception/CacheException.php /var/www/html/decameron/vendor/cache/adapter-common/Exception/CachePoolException.php /var/www/html/decameron/vendor/cache/adapter-common/Exception/InvalidArgumentException.php /var/www/html/decameron/vendor/cache/adapter-common/HasExpirationTimestampInterface.php /var/www/html/decameron/vendor/cache/adapter-common/JsonBinaryArmoring.php /var/www/html/decameron/vendor/cache/adapter-common/LICENSE /var/www/html/decameron/vendor/cache/adapter-common/PhpCacheItem.php /var/www/html/decameron/vendor/cache/adapter-common/PhpCachePool.php /var/www/html/decameron/vendor/cache/adapter-common/README.md /var/www/html/decameron/vendor/cache/adapter-common/TagSupportWithArray.php /var/www/html/decameron/vendor/cache/adapter-common/composer.json /var/www/html/decameron/vendor/cache/hierarchical-cache/Changelog.md /var/www/html/decameron/vendor/cache/hierarchical-cache/HierarchicalCachePoolTrait.php /var/www/html/decameron/vendor/cache/hierarchical-cache/HierarchicalPoolInterface.php /var/www/html/decameron/vendor/cache/hierarchical-cache/LICENSE /var/www/html/decameron/vendor/cache/hierarchical-cache/README.md /var/www/html/decameron/vendor/cache/hierarchical-cache/composer.json /var/www/html/decameron/vendor/cache/tag-interop/.github/PULL_REQUEST_TEMPLATE.md /var/www/html/decameron/vendor/cache/tag-interop/.gitignore /var/www/html/decameron/vendor/cache/tag-interop/.travis.yml /var/www/html/decameron/vendor/cache/tag-interop/Changelog.md /var/www/html/decameron/vendor/cache/tag-interop/LICENSE /var/www/html/decameron/vendor/cache/tag-interop/README.md /var/www/html/decameron/vendor/cache/tag-interop/TaggableCacheItemInterface.php /var/www/html/decameron/vendor/cache/tag-interop/TaggableCacheItemPoolInterface.php /var/www/html/decameron/vendor/cache/tag-interop/composer.json /var/www/html/decameron/vendor/cache/void-adapter/Changelog.md /var/www/html/decameron/vendor/cache/void-adapter/LICENSE /var/www/html/decameron/vendor/cache/void-adapter/README.md /var/www/html/decameron/vendor/cache/void-adapter/VoidCachePool.php /var/www/html/decameron/vendor/cache/void-adapter/composer.json /var/www/html/decameron/vendor/composer/ClassLoader.php /var/www/html/decameron/vendor/composer/InstalledVersions.php /var/www/html/decameron/vendor/composer/LICENSE /var/www/html/decameron/vendor/composer/autoload_classmap.php /var/www/html/decameron/vendor/composer/autoload_files.php /var/www/html/decameron/vendor/composer/autoload_namespaces.php /var/www/html/decameron/vendor/composer/autoload_psr4.php /var/www/html/decameron/vendor/composer/autoload_real.php /var/www/html/decameron/vendor/composer/autoload_static.php /var/www/html/decameron/vendor/composer/installed.json /var/www/html/decameron/vendor/composer/installed.php /var/www/html/decameron/vendor/composer/package-versions-deprecated/CHANGELOG.md /var/www/html/decameron/vendor/composer/package-versions-deprecated/CONTRIBUTING.md /var/www/html/decameron/vendor/composer/package-versions-deprecated/LICENSE /var/www/html/decameron/vendor/composer/package-versions-deprecated/README.md /var/www/html/decameron/vendor/composer/package-versions-deprecated/SECURITY.md /var/www/html/decameron/vendor/composer/package-versions-deprecated/composer.json /var/www/html/decameron/vendor/composer/package-versions-deprecated/composer.lock /var/www/html/decameron/vendor/composer/package-versions-deprecated/src/PackageVersions/FallbackVersions.php /var/www/html/decameron/vendor/composer/package-versions-deprecated/src/PackageVersions/Installer.php /var/www/html/decameron/vendor/composer/package-versions-deprecated/src/PackageVersions/Versions.php /var/www/html/decameron/vendor/composer/platform_check.php /var/www/html/decameron/vendor/contentful/contentful/.circleci/config.yml /var/www/html/decameron/vendor/contentful/contentful/CHANGELOG.md /var/www/html/decameron/vendor/contentful/contentful/LICENSE /var/www/html/decameron/vendor/contentful/contentful/README.md /var/www/html/decameron/vendor/contentful/contentful/UPGRADE-3.0.md /var/www/html/decameron/vendor/contentful/contentful/UPGRADE-4.0.md /var/www/html/decameron/vendor/contentful/contentful/UPGRADE-5.0.md /var/www/html/decameron/vendor/contentful/contentful/bin/contentful /var/www/html/decameron/vendor/contentful/contentful/composer.json /var/www/html/decameron/vendor/contentful/contentful/extra/class_aliases.php /var/www/html/decameron/vendor/contentful/contentful/src/Cache/BaseCacheHandler.php /var/www/html/decameron/vendor/contentful/contentful/src/Cache/CacheClearer.php /var/www/html/decameron/vendor/contentful/contentful/src/Cache/CacheItemPoolFactoryInterface.php /var/www/html/decameron/vendor/contentful/contentful/src/Cache/CacheWarmer.php /var/www/html/decameron/vendor/contentful/contentful/src/Client.php /var/www/html/decameron/vendor/contentful/contentful/src/Client/ClientInterface.php /var/www/html/decameron/vendor/contentful/contentful/src/Client/JsonDecoderClientInterface.php /var/www/html/decameron/vendor/contentful/contentful/src/Client/ScopedClientInterface.php /var/www/html/decameron/vendor/contentful/contentful/src/Client/SynchronizationClientInterface.php /var/www/html/decameron/vendor/contentful/contentful/src/ClientOptions.php /var/www/html/decameron/vendor/contentful/contentful/src/Console/Application.php /var/www/html/decameron/vendor/contentful/contentful/src/Console/BaseCacheCommand.php /var/www/html/decameron/vendor/contentful/contentful/src/Console/ClearCacheCommand.php /var/www/html/decameron/vendor/contentful/contentful/src/Console/WarmUpCacheCommand.php /var/www/html/decameron/vendor/contentful/contentful/src/LinkResolver.php /var/www/html/decameron/vendor/contentful/contentful/src/Mapper/Asset.php /var/www/html/decameron/vendor/contentful/contentful/src/Mapper/BaseMapper.php /var/www/html/decameron/vendor/contentful/contentful/src/Mapper/ContentType.php /var/www/html/decameron/vendor/contentful/contentful/src/Mapper/DeletedAsset.php /var/www/html/decameron/vendor/contentful/contentful/src/Mapper/DeletedContentType.php /var/www/html/decameron/vendor/contentful/contentful/src/Mapper/DeletedEntry.php /var/www/html/decameron/vendor/contentful/contentful/src/Mapper/Entry.php /var/www/html/decameron/vendor/contentful/contentful/src/Mapper/Environment.php /var/www/html/decameron/vendor/contentful/contentful/src/Mapper/Locale.php /var/www/html/decameron/vendor/contentful/contentful/src/Mapper/ResourceArray.php /var/www/html/decameron/vendor/contentful/contentful/src/Mapper/Space.php /var/www/html/decameron/vendor/contentful/contentful/src/Query.php /var/www/html/decameron/vendor/contentful/contentful/src/Resource/Asset.php /var/www/html/decameron/vendor/contentful/contentful/src/Resource/BaseResource.php /var/www/html/decameron/vendor/contentful/contentful/src/Resource/ContentType.php /var/www/html/decameron/vendor/contentful/contentful/src/Resource/ContentType/Field.php /var/www/html/decameron/vendor/contentful/contentful/src/Resource/DeletedAsset.php /var/www/html/decameron/vendor/contentful/contentful/src/Resource/DeletedContentType.php /var/www/html/decameron/vendor/contentful/contentful/src/Resource/DeletedEntry.php /var/www/html/decameron/vendor/contentful/contentful/src/Resource/DeletedResource.php /var/www/html/decameron/vendor/contentful/contentful/src/Resource/Entry.php /var/www/html/decameron/vendor/contentful/contentful/src/Resource/Environment.php /var/www/html/decameron/vendor/contentful/contentful/src/Resource/Locale.php /var/www/html/decameron/vendor/contentful/contentful/src/Resource/LocalizedResource.php /var/www/html/decameron/vendor/contentful/contentful/src/Resource/Space.php /var/www/html/decameron/vendor/contentful/contentful/src/ResourceBuilder.php /var/www/html/decameron/vendor/contentful/contentful/src/ResourcePool.php /var/www/html/decameron/vendor/contentful/contentful/src/ResourcePool/Extended.php /var/www/html/decameron/vendor/contentful/contentful/src/ResourcePool/Factory.php /var/www/html/decameron/vendor/contentful/contentful/src/ResourcePool/Standard.php /var/www/html/decameron/vendor/contentful/contentful/src/ScopedJsonDecoder.php /var/www/html/decameron/vendor/contentful/contentful/src/Synchronization/Manager.php /var/www/html/decameron/vendor/contentful/contentful/src/Synchronization/Query.php /var/www/html/decameron/vendor/contentful/contentful/src/Synchronization/Result.php /var/www/html/decameron/vendor/contentful/contentful/src/SystemProperties/Asset.php /var/www/html/decameron/vendor/contentful/contentful/src/SystemProperties/BaseSystemProperties.php /var/www/html/decameron/vendor/contentful/contentful/src/SystemProperties/Component/ContentTypeTrait.php /var/www/html/decameron/vendor/contentful/contentful/src/SystemProperties/Component/DeletedTrait.php /var/www/html/decameron/vendor/contentful/contentful/src/SystemProperties/Component/EditedTrait.php /var/www/html/decameron/vendor/contentful/contentful/src/SystemProperties/Component/EnvironmentTrait.php /var/www/html/decameron/vendor/contentful/contentful/src/SystemProperties/Component/LocaleTrait.php /var/www/html/decameron/vendor/contentful/contentful/src/SystemProperties/Component/RevisionTrait.php /var/www/html/decameron/vendor/contentful/contentful/src/SystemProperties/Component/SpaceTrait.php /var/www/html/decameron/vendor/contentful/contentful/src/SystemProperties/ContentType.php /var/www/html/decameron/vendor/contentful/contentful/src/SystemProperties/DeletedAsset.php /var/www/html/decameron/vendor/contentful/contentful/src/SystemProperties/DeletedContentType.php /var/www/html/decameron/vendor/contentful/contentful/src/SystemProperties/DeletedEntry.php /var/www/html/decameron/vendor/contentful/contentful/src/SystemProperties/Entry.php /var/www/html/decameron/vendor/contentful/contentful/src/SystemProperties/Environment.php /var/www/html/decameron/vendor/contentful/contentful/src/SystemProperties/Locale.php /var/www/html/decameron/vendor/contentful/contentful/src/SystemProperties/LocalizedResource.php /var/www/html/decameron/vendor/contentful/contentful/src/SystemProperties/Space.php /var/www/html/decameron/vendor/contentful/core/.circleci/config.yml /var/www/html/decameron/vendor/contentful/core/CHANGELOG.md /var/www/html/decameron/vendor/contentful/core/LICENSE /var/www/html/decameron/vendor/contentful/core/README.md /var/www/html/decameron/vendor/contentful/core/UPGRADE-2.0.md /var/www/html/decameron/vendor/contentful/core/composer.json /var/www/html/decameron/vendor/contentful/core/scripts/ReleaseUpdater.php /var/www/html/decameron/vendor/contentful/core/scripts/TestCase.php /var/www/html/decameron/vendor/contentful/core/scripts/create-redirector.php /var/www/html/decameron/vendor/contentful/core/scripts/php-cs-fixer.php /var/www/html/decameron/vendor/contentful/core/scripts/prepare-docs.sh /var/www/html/decameron/vendor/contentful/core/scripts/release.php /var/www/html/decameron/vendor/contentful/core/scripts/sami.phar /var/www/html/decameron/vendor/contentful/core/src/Api/ApplicationInterface.php /var/www/html/decameron/vendor/contentful/core/src/Api/BaseClient.php /var/www/html/decameron/vendor/contentful/core/src/Api/BaseQuery.php /var/www/html/decameron/vendor/contentful/core/src/Api/ClientInterface.php /var/www/html/decameron/vendor/contentful/core/src/Api/DateTimeImmutable.php /var/www/html/decameron/vendor/contentful/core/src/Api/Exception.php /var/www/html/decameron/vendor/contentful/core/src/Api/IntegrationInterface.php /var/www/html/decameron/vendor/contentful/core/src/Api/Link.php /var/www/html/decameron/vendor/contentful/core/src/Api/LinkResolverInterface.php /var/www/html/decameron/vendor/contentful/core/src/Api/Location.php /var/www/html/decameron/vendor/contentful/core/src/Api/Message.php /var/www/html/decameron/vendor/contentful/core/src/Api/RequestBuilder.php /var/www/html/decameron/vendor/contentful/core/src/Api/Requester.php /var/www/html/decameron/vendor/contentful/core/src/Api/UserAgentGenerator.php /var/www/html/decameron/vendor/contentful/core/src/Exception/AccessTokenInvalidException.php /var/www/html/decameron/vendor/contentful/core/src/Exception/BadRequestException.php /var/www/html/decameron/vendor/contentful/core/src/Exception/InvalidQueryException.php /var/www/html/decameron/vendor/contentful/core/src/Exception/InvalidResponseBodyException.php /var/www/html/decameron/vendor/contentful/core/src/Exception/NotFoundException.php /var/www/html/decameron/vendor/contentful/core/src/Exception/RateLimitExceededException.php /var/www/html/decameron/vendor/contentful/core/src/File/File.php /var/www/html/decameron/vendor/contentful/core/src/File/FileInterface.php /var/www/html/decameron/vendor/contentful/core/src/File/ImageFile.php /var/www/html/decameron/vendor/contentful/core/src/File/ImageOptions.php /var/www/html/decameron/vendor/contentful/core/src/File/LocalUploadFile.php /var/www/html/decameron/vendor/contentful/core/src/File/ProcessedFileInterface.php /var/www/html/decameron/vendor/contentful/core/src/File/RemoteUploadFile.php /var/www/html/decameron/vendor/contentful/core/src/File/UnprocessedFileInterface.php /var/www/html/decameron/vendor/contentful/core/src/File/UrlOptionsInterface.php /var/www/html/decameron/vendor/contentful/core/src/Log/NullLogger.php /var/www/html/decameron/vendor/contentful/core/src/Resource/ArraySystemProperties.php /var/www/html/decameron/vendor/contentful/core/src/Resource/AssetInterface.php /var/www/html/decameron/vendor/contentful/core/src/Resource/BaseResourcePool.php /var/www/html/decameron/vendor/contentful/core/src/Resource/ContentTypeInterface.php /var/www/html/decameron/vendor/contentful/core/src/Resource/EntryInterface.php /var/www/html/decameron/vendor/contentful/core/src/Resource/ResourceArray.php /var/www/html/decameron/vendor/contentful/core/src/Resource/ResourceInterface.php /var/www/html/decameron/vendor/contentful/core/src/Resource/ResourcePoolInterface.php /var/www/html/decameron/vendor/contentful/core/src/Resource/SystemPropertiesInterface.php /var/www/html/decameron/vendor/contentful/core/src/ResourceBuilder/BaseResourceBuilder.php /var/www/html/decameron/vendor/contentful/core/src/ResourceBuilder/MapperInterface.php /var/www/html/decameron/vendor/contentful/core/src/ResourceBuilder/ObjectHydrator.php /var/www/html/decameron/vendor/contentful/core/src/ResourceBuilder/ResourceBuilderInterface.php /var/www/html/decameron/vendor/contentful/rich-text/CHANGELOG.md /var/www/html/decameron/vendor/contentful/rich-text/LICENSE /var/www/html/decameron/vendor/contentful/rich-text/README.md /var/www/html/decameron/vendor/contentful/rich-text/composer.json /var/www/html/decameron/vendor/contentful/rich-text/scripts/create-redirector.php /var/www/html/decameron/vendor/contentful/rich-text/scripts/prepare-docs.sh /var/www/html/decameron/vendor/contentful/rich-text/src/Bridge/PlatesExtension.php /var/www/html/decameron/vendor/contentful/rich-text/src/Bridge/TwigExtension.php /var/www/html/decameron/vendor/contentful/rich-text/src/Mark/Bold.php /var/www/html/decameron/vendor/contentful/rich-text/src/Mark/Code.php /var/www/html/decameron/vendor/contentful/rich-text/src/Mark/Italic.php /var/www/html/decameron/vendor/contentful/rich-text/src/Mark/MarkInterface.php /var/www/html/decameron/vendor/contentful/rich-text/src/Mark/Underline.php /var/www/html/decameron/vendor/contentful/rich-text/src/Node/AbstractHeading.php /var/www/html/decameron/vendor/contentful/rich-text/src/Node/AssetHyperlink.php /var/www/html/decameron/vendor/contentful/rich-text/src/Node/BlockNode.php /var/www/html/decameron/vendor/contentful/rich-text/src/Node/Blockquote.php /var/www/html/decameron/vendor/contentful/rich-text/src/Node/Document.php /var/www/html/decameron/vendor/contentful/rich-text/src/Node/EmbeddedAssetBlock.php /var/www/html/decameron/vendor/contentful/rich-text/src/Node/EmbeddedAssetInline.php /var/www/html/decameron/vendor/contentful/rich-text/src/Node/EmbeddedEntryBlock.php /var/www/html/decameron/vendor/contentful/rich-text/src/Node/EmbeddedEntryInline.php /var/www/html/decameron/vendor/contentful/rich-text/src/Node/EntryHyperlink.php /var/www/html/decameron/vendor/contentful/rich-text/src/Node/Heading1.php /var/www/html/decameron/vendor/contentful/rich-text/src/Node/Heading2.php /var/www/html/decameron/vendor/contentful/rich-text/src/Node/Heading3.php /var/www/html/decameron/vendor/contentful/rich-text/src/Node/Heading4.php /var/www/html/decameron/vendor/contentful/rich-text/src/Node/Heading5.php /var/www/html/decameron/vendor/contentful/rich-text/src/Node/Heading6.php /var/www/html/decameron/vendor/contentful/rich-text/src/Node/Hr.php /var/www/html/decameron/vendor/contentful/rich-text/src/Node/Hyperlink.php /var/www/html/decameron/vendor/contentful/rich-text/src/Node/InlineNode.php /var/www/html/decameron/vendor/contentful/rich-text/src/Node/ListItem.php /var/www/html/decameron/vendor/contentful/rich-text/src/Node/NodeInterface.php /var/www/html/decameron/vendor/contentful/rich-text/src/Node/Nothing.php /var/www/html/decameron/vendor/contentful/rich-text/src/Node/OrderedList.php /var/www/html/decameron/vendor/contentful/rich-text/src/Node/Paragraph.php /var/www/html/decameron/vendor/contentful/rich-text/src/Node/Text.php /var/www/html/decameron/vendor/contentful/rich-text/src/Node/UnorderedList.php /var/www/html/decameron/vendor/contentful/rich-text/src/NodeMapper/AssetHyperlink.php /var/www/html/decameron/vendor/contentful/rich-text/src/NodeMapper/Blockquote.php /var/www/html/decameron/vendor/contentful/rich-text/src/NodeMapper/Document.php /var/www/html/decameron/vendor/contentful/rich-text/src/NodeMapper/EmbeddedAssetBlock.php /var/www/html/decameron/vendor/contentful/rich-text/src/NodeMapper/EmbeddedAssetInline.php /var/www/html/decameron/vendor/contentful/rich-text/src/NodeMapper/EmbeddedEntryBlock.php /var/www/html/decameron/vendor/contentful/rich-text/src/NodeMapper/EmbeddedEntryInline.php /var/www/html/decameron/vendor/contentful/rich-text/src/NodeMapper/EntryHyperlink.php /var/www/html/decameron/vendor/contentful/rich-text/src/NodeMapper/Heading1.php /var/www/html/decameron/vendor/contentful/rich-text/src/NodeMapper/Heading2.php /var/www/html/decameron/vendor/contentful/rich-text/src/NodeMapper/Heading3.php /var/www/html/decameron/vendor/contentful/rich-text/src/NodeMapper/Heading4.php /var/www/html/decameron/vendor/contentful/rich-text/src/NodeMapper/Heading5.php /var/www/html/decameron/vendor/contentful/rich-text/src/NodeMapper/Heading6.php /var/www/html/decameron/vendor/contentful/rich-text/src/NodeMapper/Hr.php /var/www/html/decameron/vendor/contentful/rich-text/src/NodeMapper/Hyperlink.php /var/www/html/decameron/vendor/contentful/rich-text/src/NodeMapper/ListItem.php /var/www/html/decameron/vendor/contentful/rich-text/src/NodeMapper/NodeMapperInterface.php /var/www/html/decameron/vendor/contentful/rich-text/src/NodeMapper/Nothing.php /var/www/html/decameron/vendor/contentful/rich-text/src/NodeMapper/OrderedList.php /var/www/html/decameron/vendor/contentful/rich-text/src/NodeMapper/Paragraph.php /var/www/html/decameron/vendor/contentful/rich-text/src/NodeMapper/Reference/EntryReference.php /var/www/html/decameron/vendor/contentful/rich-text/src/NodeMapper/Reference/EntryReferenceInterface.php /var/www/html/decameron/vendor/contentful/rich-text/src/NodeMapper/Reference/StaticEntryReference.php /var/www/html/decameron/vendor/contentful/rich-text/src/NodeMapper/Text.php /var/www/html/decameron/vendor/contentful/rich-text/src/NodeMapper/UnorderedList.php /var/www/html/decameron/vendor/contentful/rich-text/src/NodeRenderer/AssetHyperlink.php /var/www/html/decameron/vendor/contentful/rich-text/src/NodeRenderer/Blockquote.php /var/www/html/decameron/vendor/contentful/rich-text/src/NodeRenderer/CatchAll.php /var/www/html/decameron/vendor/contentful/rich-text/src/NodeRenderer/Document.php /var/www/html/decameron/vendor/contentful/rich-text/src/NodeRenderer/EmbeddedAssetBlock.php /var/www/html/decameron/vendor/contentful/rich-text/src/NodeRenderer/EmbeddedAssetInline.php /var/www/html/decameron/vendor/contentful/rich-text/src/NodeRenderer/EmbeddedEntryBlock.php /var/www/html/decameron/vendor/contentful/rich-text/src/NodeRenderer/EmbeddedEntryInline.php /var/www/html/decameron/vendor/contentful/rich-text/src/NodeRenderer/EntryHyperlink.php /var/www/html/decameron/vendor/contentful/rich-text/src/NodeRenderer/Heading1.php /var/www/html/decameron/vendor/contentful/rich-text/src/NodeRenderer/Heading2.php /var/www/html/decameron/vendor/contentful/rich-text/src/NodeRenderer/Heading3.php /var/www/html/decameron/vendor/contentful/rich-text/src/NodeRenderer/Heading4.php /var/www/html/decameron/vendor/contentful/rich-text/src/NodeRenderer/Heading5.php /var/www/html/decameron/vendor/contentful/rich-text/src/NodeRenderer/Heading6.php /var/www/html/decameron/vendor/contentful/rich-text/src/NodeRenderer/Hr.php /var/www/html/decameron/vendor/contentful/rich-text/src/NodeRenderer/Hyperlink.php /var/www/html/decameron/vendor/contentful/rich-text/src/NodeRenderer/ListItem.php /var/www/html/decameron/vendor/contentful/rich-text/src/NodeRenderer/NodeRendererInterface.php /var/www/html/decameron/vendor/contentful/rich-text/src/NodeRenderer/Nothing.php /var/www/html/decameron/vendor/contentful/rich-text/src/NodeRenderer/OrderedList.php /var/www/html/decameron/vendor/contentful/rich-text/src/NodeRenderer/Paragraph.php /var/www/html/decameron/vendor/contentful/rich-text/src/NodeRenderer/Text.php /var/www/html/decameron/vendor/contentful/rich-text/src/NodeRenderer/UnorderedList.php /var/www/html/decameron/vendor/contentful/rich-text/src/Parser.php /var/www/html/decameron/vendor/contentful/rich-text/src/ParserInterface.php /var/www/html/decameron/vendor/contentful/rich-text/src/Renderer.php /var/www/html/decameron/vendor/contentful/rich-text/src/RendererInterface.php /var/www/html/decameron/vendor/guzzlehttp/guzzle/CHANGELOG.md /var/www/html/decameron/vendor/guzzlehttp/guzzle/LICENSE /var/www/html/decameron/vendor/guzzlehttp/guzzle/README.md /var/www/html/decameron/vendor/guzzlehttp/guzzle/UPGRADING.md /var/www/html/decameron/vendor/guzzlehttp/guzzle/composer.json /var/www/html/decameron/vendor/guzzlehttp/guzzle/src/BodySummarizer.php /var/www/html/decameron/vendor/guzzlehttp/guzzle/src/BodySummarizerInterface.php /var/www/html/decameron/vendor/guzzlehttp/guzzle/src/Client.php /var/www/html/decameron/vendor/guzzlehttp/guzzle/src/ClientInterface.php /var/www/html/decameron/vendor/guzzlehttp/guzzle/src/ClientTrait.php /var/www/html/decameron/vendor/guzzlehttp/guzzle/src/Cookie/CookieJar.php /var/www/html/decameron/vendor/guzzlehttp/guzzle/src/Cookie/CookieJarInterface.php /var/www/html/decameron/vendor/guzzlehttp/guzzle/src/Cookie/FileCookieJar.php /var/www/html/decameron/vendor/guzzlehttp/guzzle/src/Cookie/SessionCookieJar.php /var/www/html/decameron/vendor/guzzlehttp/guzzle/src/Cookie/SetCookie.php /var/www/html/decameron/vendor/guzzlehttp/guzzle/src/Exception/BadResponseException.php /var/www/html/decameron/vendor/guzzlehttp/guzzle/src/Exception/ClientException.php /var/www/html/decameron/vendor/guzzlehttp/guzzle/src/Exception/ConnectException.php /var/www/html/decameron/vendor/guzzlehttp/guzzle/src/Exception/GuzzleException.php /var/www/html/decameron/vendor/guzzlehttp/guzzle/src/Exception/InvalidArgumentException.php /var/www/html/decameron/vendor/guzzlehttp/guzzle/src/Exception/RequestException.php /var/www/html/decameron/vendor/guzzlehttp/guzzle/src/Exception/ServerException.php /var/www/html/decameron/vendor/guzzlehttp/guzzle/src/Exception/TooManyRedirectsException.php /var/www/html/decameron/vendor/guzzlehttp/guzzle/src/Exception/TransferException.php /var/www/html/decameron/vendor/guzzlehttp/guzzle/src/Handler/CurlFactory.php /var/www/html/decameron/vendor/guzzlehttp/guzzle/src/Handler/CurlFactoryInterface.php /var/www/html/decameron/vendor/guzzlehttp/guzzle/src/Handler/CurlHandler.php /var/www/html/decameron/vendor/guzzlehttp/guzzle/src/Handler/CurlMultiHandler.php /var/www/html/decameron/vendor/guzzlehttp/guzzle/src/Handler/EasyHandle.php /var/www/html/decameron/vendor/guzzlehttp/guzzle/src/Handler/HeaderProcessor.php /var/www/html/decameron/vendor/guzzlehttp/guzzle/src/Handler/MockHandler.php /var/www/html/decameron/vendor/guzzlehttp/guzzle/src/Handler/Proxy.php /var/www/html/decameron/vendor/guzzlehttp/guzzle/src/Handler/StreamHandler.php /var/www/html/decameron/vendor/guzzlehttp/guzzle/src/HandlerStack.php /var/www/html/decameron/vendor/guzzlehttp/guzzle/src/MessageFormatter.php /var/www/html/decameron/vendor/guzzlehttp/guzzle/src/MessageFormatterInterface.php /var/www/html/decameron/vendor/guzzlehttp/guzzle/src/Middleware.php /var/www/html/decameron/vendor/guzzlehttp/guzzle/src/Pool.php /var/www/html/decameron/vendor/guzzlehttp/guzzle/src/PrepareBodyMiddleware.php /var/www/html/decameron/vendor/guzzlehttp/guzzle/src/RedirectMiddleware.php /var/www/html/decameron/vendor/guzzlehttp/guzzle/src/RequestOptions.php /var/www/html/decameron/vendor/guzzlehttp/guzzle/src/RetryMiddleware.php /var/www/html/decameron/vendor/guzzlehttp/guzzle/src/TransferStats.php /var/www/html/decameron/vendor/guzzlehttp/guzzle/src/Utils.php /var/www/html/decameron/vendor/guzzlehttp/guzzle/src/functions.php /var/www/html/decameron/vendor/guzzlehttp/guzzle/src/functions_include.php /var/www/html/decameron/vendor/guzzlehttp/guzzle/vendor-bin/php-cs-fixer/composer.json /var/www/html/decameron/vendor/guzzlehttp/guzzle/vendor-bin/phpstan/composer.json /var/www/html/decameron/vendor/guzzlehttp/guzzle/vendor-bin/psalm/composer.json /var/www/html/decameron/vendor/guzzlehttp/promises/CHANGELOG.md /var/www/html/decameron/vendor/guzzlehttp/promises/LICENSE /var/www/html/decameron/vendor/guzzlehttp/promises/Makefile /var/www/html/decameron/vendor/guzzlehttp/promises/README.md /var/www/html/decameron/vendor/guzzlehttp/promises/composer.json /var/www/html/decameron/vendor/guzzlehttp/promises/src/AggregateException.php /var/www/html/decameron/vendor/guzzlehttp/promises/src/CancellationException.php /var/www/html/decameron/vendor/guzzlehttp/promises/src/Coroutine.php /var/www/html/decameron/vendor/guzzlehttp/promises/src/Create.php /var/www/html/decameron/vendor/guzzlehttp/promises/src/Each.php /var/www/html/decameron/vendor/guzzlehttp/promises/src/EachPromise.php /var/www/html/decameron/vendor/guzzlehttp/promises/src/FulfilledPromise.php /var/www/html/decameron/vendor/guzzlehttp/promises/src/Is.php /var/www/html/decameron/vendor/guzzlehttp/promises/src/Promise.php /var/www/html/decameron/vendor/guzzlehttp/promises/src/PromiseInterface.php /var/www/html/decameron/vendor/guzzlehttp/promises/src/PromisorInterface.php /var/www/html/decameron/vendor/guzzlehttp/promises/src/RejectedPromise.php /var/www/html/decameron/vendor/guzzlehttp/promises/src/RejectionException.php /var/www/html/decameron/vendor/guzzlehttp/promises/src/TaskQueue.php /var/www/html/decameron/vendor/guzzlehttp/promises/src/TaskQueueInterface.php /var/www/html/decameron/vendor/guzzlehttp/promises/src/Utils.php /var/www/html/decameron/vendor/guzzlehttp/promises/src/functions.php /var/www/html/decameron/vendor/guzzlehttp/promises/src/functions_include.php /var/www/html/decameron/vendor/guzzlehttp/psr7/.github/workflows/bc.yml /var/www/html/decameron/vendor/guzzlehttp/psr7/.github/workflows/ci.yml /var/www/html/decameron/vendor/guzzlehttp/psr7/.github/workflows/integration.yml /var/www/html/decameron/vendor/guzzlehttp/psr7/.github/workflows/static.yml /var/www/html/decameron/vendor/guzzlehttp/psr7/.php_cs.dist /var/www/html/decameron/vendor/guzzlehttp/psr7/CHANGELOG.md /var/www/html/decameron/vendor/guzzlehttp/psr7/LICENSE /var/www/html/decameron/vendor/guzzlehttp/psr7/README.md /var/www/html/decameron/vendor/guzzlehttp/psr7/composer.json /var/www/html/decameron/vendor/guzzlehttp/psr7/src/AppendStream.php /var/www/html/decameron/vendor/guzzlehttp/psr7/src/BufferStream.php /var/www/html/decameron/vendor/guzzlehttp/psr7/src/CachingStream.php /var/www/html/decameron/vendor/guzzlehttp/psr7/src/DroppingStream.php /var/www/html/decameron/vendor/guzzlehttp/psr7/src/FnStream.php /var/www/html/decameron/vendor/guzzlehttp/psr7/src/Header.php /var/www/html/decameron/vendor/guzzlehttp/psr7/src/InflateStream.php /var/www/html/decameron/vendor/guzzlehttp/psr7/src/LazyOpenStream.php /var/www/html/decameron/vendor/guzzlehttp/psr7/src/LimitStream.php /var/www/html/decameron/vendor/guzzlehttp/psr7/src/Message.php /var/www/html/decameron/vendor/guzzlehttp/psr7/src/MessageTrait.php /var/www/html/decameron/vendor/guzzlehttp/psr7/src/MimeType.php /var/www/html/decameron/vendor/guzzlehttp/psr7/src/MultipartStream.php /var/www/html/decameron/vendor/guzzlehttp/psr7/src/NoSeekStream.php /var/www/html/decameron/vendor/guzzlehttp/psr7/src/PumpStream.php /var/www/html/decameron/vendor/guzzlehttp/psr7/src/Query.php /var/www/html/decameron/vendor/guzzlehttp/psr7/src/Request.php /var/www/html/decameron/vendor/guzzlehttp/psr7/src/Response.php /var/www/html/decameron/vendor/guzzlehttp/psr7/src/Rfc7230.php /var/www/html/decameron/vendor/guzzlehttp/psr7/src/ServerRequest.php /var/www/html/decameron/vendor/guzzlehttp/psr7/src/Stream.php /var/www/html/decameron/vendor/guzzlehttp/psr7/src/StreamDecoratorTrait.php /var/www/html/decameron/vendor/guzzlehttp/psr7/src/StreamWrapper.php /var/www/html/decameron/vendor/guzzlehttp/psr7/src/UploadedFile.php /var/www/html/decameron/vendor/guzzlehttp/psr7/src/Uri.php /var/www/html/decameron/vendor/guzzlehttp/psr7/src/UriNormalizer.php /var/www/html/decameron/vendor/guzzlehttp/psr7/src/UriResolver.php /var/www/html/decameron/vendor/guzzlehttp/psr7/src/Utils.php /var/www/html/decameron/vendor/guzzlehttp/psr7/src/functions.php /var/www/html/decameron/vendor/guzzlehttp/psr7/src/functions_include.php /var/www/html/decameron/vendor/jean85/pretty-package-versions/.github/workflows/tests.yaml
> git add -A -- /var/www/html/decameron/vendor/jean85/pretty-package-versions/LICENSE /var/www/html/decameron/vendor/jean85/pretty-package-versions/codecov.yml /var/www/html/decameron/vendor/jean85/pretty-package-versions/composer.json /var/www/html/decameron/vendor/jean85/pretty-package-versions/src/PrettyVersions.php /var/www/html/decameron/vendor/jean85/pretty-package-versions/src/Version.php /var/www/html/decameron/vendor/psr/cache/CHANGELOG.md /var/www/html/decameron/vendor/psr/cache/LICENSE.txt /var/www/html/decameron/vendor/psr/cache/README.md /var/www/html/decameron/vendor/psr/cache/composer.json /var/www/html/decameron/vendor/psr/cache/src/CacheException.php /var/www/html/decameron/vendor/psr/cache/src/CacheItemInterface.php /var/www/html/decameron/vendor/psr/cache/src/CacheItemPoolInterface.php /var/www/html/decameron/vendor/psr/cache/src/InvalidArgumentException.php /var/www/html/decameron/vendor/psr/container/.gitignore /var/www/html/decameron/vendor/psr/container/LICENSE /var/www/html/decameron/vendor/psr/container/README.md /var/www/html/decameron/vendor/psr/container/composer.json /var/www/html/decameron/vendor/psr/container/src/ContainerExceptionInterface.php /var/www/html/decameron/vendor/psr/container/src/ContainerInterface.php /var/www/html/decameron/vendor/psr/container/src/NotFoundExceptionInterface.php /var/www/html/decameron/vendor/psr/http-client/CHANGELOG.md /var/www/html/decameron/vendor/psr/http-client/LICENSE /var/www/html/decameron/vendor/psr/http-client/README.md /var/www/html/decameron/vendor/psr/http-client/composer.json /var/www/html/decameron/vendor/psr/http-client/src/ClientExceptionInterface.php /var/www/html/decameron/vendor/psr/http-client/src/ClientInterface.php /var/www/html/decameron/vendor/psr/http-client/src/NetworkExceptionInterface.php /var/www/html/decameron/vendor/psr/http-client/src/RequestExceptionInterface.php /var/www/html/decameron/vendor/psr/http-message/CHANGELOG.md /var/www/html/decameron/vendor/psr/http-message/LICENSE /var/www/html/decameron/vendor/psr/http-message/README.md /var/www/html/decameron/vendor/psr/http-message/composer.json /var/www/html/decameron/vendor/psr/http-message/src/MessageInterface.php /var/www/html/decameron/vendor/psr/http-message/src/RequestInterface.php /var/www/html/decameron/vendor/psr/http-message/src/ResponseInterface.php /var/www/html/decameron/vendor/psr/http-message/src/ServerRequestInterface.php /var/www/html/decameron/vendor/psr/http-message/src/StreamInterface.php /var/www/html/decameron/vendor/psr/http-message/src/UploadedFileInterface.php /var/www/html/decameron/vendor/psr/http-message/src/UriInterface.php /var/www/html/decameron/vendor/psr/log/LICENSE /var/www/html/decameron/vendor/psr/log/Psr/Log/AbstractLogger.php /var/www/html/decameron/vendor/psr/log/Psr/Log/InvalidArgumentException.php /var/www/html/decameron/vendor/psr/log/Psr/Log/LogLevel.php /var/www/html/decameron/vendor/psr/log/Psr/Log/LoggerAwareInterface.php /var/www/html/decameron/vendor/psr/log/Psr/Log/LoggerAwareTrait.php /var/www/html/decameron/vendor/psr/log/Psr/Log/LoggerInterface.php /var/www/html/decameron/vendor/psr/log/Psr/Log/LoggerTrait.php /var/www/html/decameron/vendor/psr/log/Psr/Log/NullLogger.php /var/www/html/decameron/vendor/psr/log/Psr/Log/Test/DummyTest.php /var/www/html/decameron/vendor/psr/log/Psr/Log/Test/LoggerInterfaceTest.php /var/www/html/decameron/vendor/psr/log/Psr/Log/Test/TestLogger.php /var/www/html/decameron/vendor/psr/log/README.md /var/www/html/decameron/vendor/psr/log/composer.json /var/www/html/decameron/vendor/psr/simple-cache/.editorconfig /var/www/html/decameron/vendor/psr/simple-cache/LICENSE.md /var/www/html/decameron/vendor/psr/simple-cache/README.md /var/www/html/decameron/vendor/psr/simple-cache/composer.json /var/www/html/decameron/vendor/psr/simple-cache/src/CacheException.php /var/www/html/decameron/vendor/psr/simple-cache/src/CacheInterface.php /var/www/html/decameron/vendor/psr/simple-cache/src/InvalidArgumentException.php /var/www/html/decameron/vendor/ralouphie/getallheaders/LICENSE /var/www/html/decameron/vendor/ralouphie/getallheaders/README.md /var/www/html/decameron/vendor/ralouphie/getallheaders/composer.json /var/www/html/decameron/vendor/ralouphie/getallheaders/src/getallheaders.php /var/www/html/decameron/vendor/symfony/console/Application.php /var/www/html/decameron/vendor/symfony/console/Attribute/AsCommand.php /var/www/html/decameron/vendor/symfony/console/CHANGELOG.md /var/www/html/decameron/vendor/symfony/console/CI/GithubActionReporter.php /var/www/html/decameron/vendor/symfony/console/Color.php /var/www/html/decameron/vendor/symfony/console/Command/Command.php /var/www/html/decameron/vendor/symfony/console/Command/HelpCommand.php /var/www/html/decameron/vendor/symfony/console/Command/LazyCommand.php /var/www/html/decameron/vendor/symfony/console/Command/ListCommand.php /var/www/html/decameron/vendor/symfony/console/Command/LockableTrait.php /var/www/html/decameron/vendor/symfony/console/Command/SignalableCommandInterface.php /var/www/html/decameron/vendor/symfony/console/CommandLoader/CommandLoaderInterface.php /var/www/html/decameron/vendor/symfony/console/CommandLoader/ContainerCommandLoader.php /var/www/html/decameron/vendor/symfony/console/CommandLoader/FactoryCommandLoader.php /var/www/html/decameron/vendor/symfony/console/ConsoleEvents.php /var/www/html/decameron/vendor/symfony/console/Cursor.php /var/www/html/decameron/vendor/symfony/console/DependencyInjection/AddConsoleCommandPass.php /var/www/html/decameron/vendor/symfony/console/Descriptor/ApplicationDescription.php /var/www/html/decameron/vendor/symfony/console/Descriptor/Descriptor.php /var/www/html/decameron/vendor/symfony/console/Descriptor/DescriptorInterface.php /var/www/html/decameron/vendor/symfony/console/Descriptor/JsonDescriptor.php /var/www/html/decameron/vendor/symfony/console/Descriptor/MarkdownDescriptor.php /var/www/html/decameron/vendor/symfony/console/Descriptor/TextDescriptor.php /var/www/html/decameron/vendor/symfony/console/Descriptor/XmlDescriptor.php /var/www/html/decameron/vendor/symfony/console/Event/ConsoleCommandEvent.php /var/www/html/decameron/vendor/symfony/console/Event/ConsoleErrorEvent.php /var/www/html/decameron/vendor/symfony/console/Event/ConsoleEvent.php /var/www/html/decameron/vendor/symfony/console/Event/ConsoleSignalEvent.php /var/www/html/decameron/vendor/symfony/console/Event/ConsoleTerminateEvent.php /var/www/html/decameron/vendor/symfony/console/EventListener/ErrorListener.php /var/www/html/decameron/vendor/symfony/console/Exception/CommandNotFoundException.php /var/www/html/decameron/vendor/symfony/console/Exception/ExceptionInterface.php /var/www/html/decameron/vendor/symfony/console/Exception/InvalidArgumentException.php /var/www/html/decameron/vendor/symfony/console/Exception/InvalidOptionException.php /var/www/html/decameron/vendor/symfony/console/Exception/LogicException.php /var/www/html/decameron/vendor/symfony/console/Exception/MissingInputException.php /var/www/html/decameron/vendor/symfony/console/Exception/NamespaceNotFoundException.php /var/www/html/decameron/vendor/symfony/console/Exception/RuntimeException.php /var/www/html/decameron/vendor/symfony/console/Formatter/NullOutputFormatter.php /var/www/html/decameron/vendor/symfony/console/Formatter/NullOutputFormatterStyle.php /var/www/html/decameron/vendor/symfony/console/Formatter/OutputFormatter.php /var/www/html/decameron/vendor/symfony/console/Formatter/OutputFormatterInterface.php /var/www/html/decameron/vendor/symfony/console/Formatter/OutputFormatterStyle.php /var/www/html/decameron/vendor/symfony/console/Formatter/OutputFormatterStyleInterface.php /var/www/html/decameron/vendor/symfony/console/Formatter/OutputFormatterStyleStack.php /var/www/html/decameron/vendor/symfony/console/Formatter/WrappableOutputFormatterInterface.php /var/www/html/decameron/vendor/symfony/console/Helper/DebugFormatterHelper.php /var/www/html/decameron/vendor/symfony/console/Helper/DescriptorHelper.php /var/www/html/decameron/vendor/symfony/console/Helper/Dumper.php /var/www/html/decameron/vendor/symfony/console/Helper/FormatterHelper.php /var/www/html/decameron/vendor/symfony/console/Helper/Helper.php /var/www/html/decameron/vendor/symfony/console/Helper/HelperInterface.php /var/www/html/decameron/vendor/symfony/console/Helper/HelperSet.php /var/www/html/decameron/vendor/symfony/console/Helper/InputAwareHelper.php /var/www/html/decameron/vendor/symfony/console/Helper/ProcessHelper.php /var/www/html/decameron/vendor/symfony/console/Helper/ProgressBar.php /var/www/html/decameron/vendor/symfony/console/Helper/ProgressIndicator.php /var/www/html/decameron/vendor/symfony/console/Helper/QuestionHelper.php /var/www/html/decameron/vendor/symfony/console/Helper/SymfonyQuestionHelper.php /var/www/html/decameron/vendor/symfony/console/Helper/Table.php /var/www/html/decameron/vendor/symfony/console/Helper/TableCell.php /var/www/html/decameron/vendor/symfony/console/Helper/TableCellStyle.php /var/www/html/decameron/vendor/symfony/console/Helper/TableRows.php /var/www/html/decameron/vendor/symfony/console/Helper/TableSeparator.php /var/www/html/decameron/vendor/symfony/console/Helper/TableStyle.php /var/www/html/decameron/vendor/symfony/console/Input/ArgvInput.php /var/www/html/decameron/vendor/symfony/console/Input/ArrayInput.php /var/www/html/decameron/vendor/symfony/console/Input/Input.php /var/www/html/decameron/vendor/symfony/console/Input/InputArgument.php /var/www/html/decameron/vendor/symfony/console/Input/InputAwareInterface.php /var/www/html/decameron/vendor/symfony/console/Input/InputDefinition.php /var/www/html/decameron/vendor/symfony/console/Input/InputInterface.php /var/www/html/decameron/vendor/symfony/console/Input/InputOption.php /var/www/html/decameron/vendor/symfony/console/Input/StreamableInputInterface.php /var/www/html/decameron/vendor/symfony/console/Input/StringInput.php /var/www/html/decameron/vendor/symfony/console/LICENSE /var/www/html/decameron/vendor/symfony/console/Logger/ConsoleLogger.php /var/www/html/decameron/vendor/symfony/console/Output/BufferedOutput.php /var/www/html/decameron/vendor/symfony/console/Output/ConsoleOutput.php /var/www/html/decameron/vendor/symfony/console/Output/ConsoleOutputInterface.php /var/www/html/decameron/vendor/symfony/console/Output/ConsoleSectionOutput.php /var/www/html/decameron/vendor/symfony/console/Output/NullOutput.php /var/www/html/decameron/vendor/symfony/console/Output/Output.php /var/www/html/decameron/vendor/symfony/console/Output/OutputInterface.php /var/www/html/decameron/vendor/symfony/console/Output/StreamOutput.php /var/www/html/decameron/vendor/symfony/console/Output/TrimmedBufferOutput.php /var/www/html/decameron/vendor/symfony/console/Question/ChoiceQuestion.php /var/www/html/decameron/vendor/symfony/console/Question/ConfirmationQuestion.php /var/www/html/decameron/vendor/symfony/console/Question/Question.php /var/www/html/decameron/vendor/symfony/console/README.md /var/www/html/decameron/vendor/symfony/console/Resources/bin/hiddeninput.exe /var/www/html/decameron/vendor/symfony/console/SignalRegistry/SignalRegistry.php /var/www/html/decameron/vendor/symfony/console/SingleCommandApplication.php /var/www/html/decameron/vendor/symfony/console/Style/OutputStyle.php /var/www/html/decameron/vendor/symfony/console/Style/StyleInterface.php /var/www/html/decameron/vendor/symfony/console/Style/SymfonyStyle.php /var/www/html/decameron/vendor/symfony/console/Terminal.php /var/www/html/decameron/vendor/symfony/console/Tester/ApplicationTester.php /var/www/html/decameron/vendor/symfony/console/Tester/CommandTester.php /var/www/html/decameron/vendor/symfony/console/Tester/TesterTrait.php /var/www/html/decameron/vendor/symfony/console/composer.json /var/www/html/decameron/vendor/symfony/deprecation-contracts/.gitignore /var/www/html/decameron/vendor/symfony/deprecation-contracts/CHANGELOG.md /var/www/html/decameron/vendor/symfony/deprecation-contracts/LICENSE /var/www/html/decameron/vendor/symfony/deprecation-contracts/README.md /var/www/html/decameron/vendor/symfony/deprecation-contracts/composer.json /var/www/html/decameron/vendor/symfony/deprecation-contracts/function.php /var/www/html/decameron/vendor/symfony/filesystem/CHANGELOG.md /var/www/html/decameron/vendor/symfony/filesystem/Exception/ExceptionInterface.php /var/www/html/decameron/vendor/symfony/filesystem/Exception/FileNotFoundException.php /var/www/html/decameron/vendor/symfony/filesystem/Exception/IOException.php /var/www/html/decameron/vendor/symfony/filesystem/Exception/IOExceptionInterface.php /var/www/html/decameron/vendor/symfony/filesystem/Exception/InvalidArgumentException.php /var/www/html/decameron/vendor/symfony/filesystem/Filesystem.php /var/www/html/decameron/vendor/symfony/filesystem/LICENSE /var/www/html/decameron/vendor/symfony/filesystem/README.md /var/www/html/decameron/vendor/symfony/filesystem/composer.json /var/www/html/decameron/vendor/symfony/polyfill-ctype/Ctype.php /var/www/html/decameron/vendor/symfony/polyfill-ctype/LICENSE /var/www/html/decameron/vendor/symfony/polyfill-ctype/README.md /var/www/html/decameron/vendor/symfony/polyfill-ctype/bootstrap.php /var/www/html/decameron/vendor/symfony/polyfill-ctype/bootstrap80.php /var/www/html/decameron/vendor/symfony/polyfill-ctype/composer.json /var/www/html/decameron/vendor/symfony/polyfill-intl-grapheme/Grapheme.php /var/www/html/decameron/vendor/symfony/polyfill-intl-grapheme/LICENSE /var/www/html/decameron/vendor/symfony/polyfill-intl-grapheme/README.md /var/www/html/decameron/vendor/symfony/polyfill-intl-grapheme/bootstrap.php /var/www/html/decameron/vendor/symfony/polyfill-intl-grapheme/bootstrap80.php /var/www/html/decameron/vendor/symfony/polyfill-intl-grapheme/composer.json /var/www/html/decameron/vendor/symfony/polyfill-intl-normalizer/LICENSE /var/www/html/decameron/vendor/symfony/polyfill-intl-normalizer/Normalizer.php /var/www/html/decameron/vendor/symfony/polyfill-intl-normalizer/README.md /var/www/html/decameron/vendor/symfony/polyfill-intl-normalizer/Resources/stubs/Normalizer.php /var/www/html/decameron/vendor/symfony/polyfill-intl-normalizer/Resources/unidata/canonicalComposition.php /var/www/html/decameron/vendor/symfony/polyfill-intl-normalizer/Resources/unidata/canonicalDecomposition.php /var/www/html/decameron/vendor/symfony/polyfill-intl-normalizer/Resources/unidata/combiningClass.php /var/www/html/decameron/vendor/symfony/polyfill-intl-normalizer/Resources/unidata/compatibilityDecomposition.php /var/www/html/decameron/vendor/symfony/polyfill-intl-normalizer/bootstrap.php /var/www/html/decameron/vendor/symfony/polyfill-intl-normalizer/bootstrap80.php /var/www/html/decameron/vendor/symfony/polyfill-intl-normalizer/composer.json /var/www/html/decameron/vendor/symfony/polyfill-mbstring/LICENSE /var/www/html/decameron/vendor/symfony/polyfill-mbstring/Mbstring.php /var/www/html/decameron/vendor/symfony/polyfill-mbstring/README.md /var/www/html/decameron/vendor/symfony/polyfill-mbstring/Resources/unidata/lowerCase.php /var/www/html/decameron/vendor/symfony/polyfill-mbstring/Resources/unidata/titleCaseRegexp.php /var/www/html/decameron/vendor/symfony/polyfill-mbstring/Resources/unidata/upperCase.php /var/www/html/decameron/vendor/symfony/polyfill-mbstring/bootstrap.php /var/www/html/decameron/vendor/symfony/polyfill-mbstring/bootstrap80.php /var/www/html/decameron/vendor/symfony/polyfill-mbstring/composer.json /var/www/html/decameron/vendor/symfony/polyfill-php73/LICENSE /var/www/html/decameron/vendor/symfony/polyfill-php73/Php73.php /var/www/html/decameron/vendor/symfony/polyfill-php73/README.md /var/www/html/decameron/vendor/symfony/polyfill-php73/Resources/stubs/JsonException.php /var/www/html/decameron/vendor/symfony/polyfill-php73/bootstrap.php /var/www/html/decameron/vendor/symfony/polyfill-php73/composer.json /var/www/html/decameron/vendor/symfony/polyfill-php80/LICENSE /var/www/html/decameron/vendor/symfony/polyfill-php80/Php80.php /var/www/html/decameron/vendor/symfony/polyfill-php80/README.md /var/www/html/decameron/vendor/symfony/polyfill-php80/Resources/stubs/Attribute.php /var/www/html/decameron/vendor/symfony/polyfill-php80/Resources/stubs/Stringable.php /var/www/html/decameron/vendor/symfony/polyfill-php80/Resources/stubs/UnhandledMatchError.php /var/www/html/decameron/vendor/symfony/polyfill-php80/Resources/stubs/ValueError.php /var/www/html/decameron/vendor/symfony/polyfill-php80/bootstrap.php /var/www/html/decameron/vendor/symfony/polyfill-php80/composer.json /var/www/html/decameron/vendor/symfony/service-contracts/.gitignore /var/www/html/decameron/vendor/symfony/service-contracts/Attribute/Required.php /var/www/html/decameron/vendor/symfony/service-contracts/CHANGELOG.md /var/www/html/decameron/vendor/symfony/service-contracts/LICENSE /var/www/html/decameron/vendor/symfony/service-contracts/README.md /var/www/html/decameron/vendor/symfony/service-contracts/ResetInterface.php /var/www/html/decameron/vendor/symfony/service-contracts/ServiceLocatorTrait.php /var/www/html/decameron/vendor/symfony/service-contracts/ServiceProviderInterface.php /var/www/html/decameron/vendor/symfony/service-contracts/ServiceSubscriberInterface.php /var/www/html/decameron/vendor/symfony/service-contracts/ServiceSubscriberTrait.php /var/www/html/decameron/vendor/symfony/service-contracts/Test/ServiceLocatorTest.php /var/www/html/decameron/vendor/symfony/service-contracts/composer.json /var/www/html/decameron/vendor/symfony/string/AbstractString.php /var/www/html/decameron/vendor/symfony/string/AbstractUnicodeString.php /var/www/html/decameron/vendor/symfony/string/ByteString.php /var/www/html/decameron/vendor/symfony/string/CHANGELOG.md /var/www/html/decameron/vendor/symfony/string/CodePointString.php /var/www/html/decameron/vendor/symfony/string/Exception/ExceptionInterface.php /var/www/html/decameron/vendor/symfony/string/Exception/InvalidArgumentException.php /var/www/html/decameron/vendor/symfony/string/Exception/RuntimeException.php /var/www/html/decameron/vendor/symfony/string/Inflector/EnglishInflector.php /var/www/html/decameron/vendor/symfony/string/Inflector/FrenchInflector.php /var/www/html/decameron/vendor/symfony/string/Inflector/InflectorInterface.php /var/www/html/decameron/vendor/symfony/string/LICENSE /var/www/html/decameron/vendor/symfony/string/LazyString.php /var/www/html/decameron/vendor/symfony/string/README.md /var/www/html/decameron/vendor/symfony/string/Resources/data/wcswidth_table_wide.php /var/www/html/decameron/vendor/symfony/string/Resources/data/wcswidth_table_zero.php /var/www/html/decameron/vendor/symfony/string/Resources/functions.php /var/www/html/decameron/vendor/symfony/string/Slugger/AsciiSlugger.php /var/www/html/decameron/vendor/symfony/string/Slugger/SluggerInterface.php /var/www/html/decameron/vendor/symfony/string/UnicodeString.php /var/www/html/decameron/vendor/symfony/string/composer.json /var/www/html/decameron/~/.vscode-root/Backups/workspaces.json /var/www/html/decameron/~/.vscode-root/Cache/28fcbbd7a4a6d078_0 /var/www/html/decameron/~/.vscode-root/Cache/526a8825caa06dc6_0 /var/www/html/decameron/~/.vscode-root/Cache/625bbe30771f2f39_0 /var/www/html/decameron/~/.vscode-root/Cache/c85687354a0e770a_0 /var/www/html/decameron/~/.vscode-root/Cache/cbc42e4c979f69f0_0 /var/www/html/decameron/~/.vscode-root/Cache/index /var/www/html/decameron/~/.vscode-root/Cache/index-dir/the-real-index /var/www/html/decameron/~/.vscode-root/CachedData/fcac248b077b55bae4ba5bab613fd6e9156c2f0c/AvailabilityData-a8b04c800ee33d1aefb952f21049e3b4.code /var/www/html/decameron/~/.vscode-root/CachedData/fcac248b077b55bae4ba5bab613fd6e9156c2f0c/Base-4c5d4fe2dc4093c0d4b972baaa70c227.code /var/www/html/decameron/~/.vscode-root/CachedData/fcac248b077b55bae4ba5bab613fd6e9156c2f0c/Channel-78ea03e096175cb51e830e69a7d5ba62.code /var/www/html/decameron/~/.vscode-root/CachedData/fcac248b077b55bae4ba5bab613fd6e9156c2f0c/Config-3df194716243893ee19690857ce8e9ed.code /var/www/html/decameron/~/.vscode-root/CachedData/fcac248b077b55bae4ba5bab613fd6e9156c2f0c/Console-a041d1d3c0f38f472806bf3f81efc71e.code /var/www/html/decameron/~/.vscode-root/CachedData/fcac248b077b55bae4ba5bab613fd6e9156c2f0c/Constants-d25bf35b6174072b37f19541ae2da470.code /var/www/html/decameron/~/.vscode-root/CachedData/fcac248b077b55bae4ba5bab613fd6e9156c2f0c/Context-79cc1e273d8be562bccefbc790e0bb0a.code /var/www/html/decameron/~/.vscode-root/CachedData/fcac248b077b55bae4ba5bab613fd6e9156c2f0c/ContextTagKeys-de1b573e6d86120cdce6c2c1027f1f18.code /var/www/html/decameron/~/.vscode-root/CachedData/fcac248b077b55bae4ba5bab613fd6e9156c2f0c/CorrelationContextManager-da8251227258593c29afd4a7f00c71ca.code /var/www/html/decameron/~/.vscode-root/CachedData/fcac248b077b55bae4ba5bab613fd6e9156c2f0c/CorrelationIdManager-b3411a863ba8cd82f60b7d4dea180080.code /var/www/html/decameron/~/.vscode-root/CachedData/fcac248b077b55bae4ba5bab613fd6e9156c2f0c/Data-99dfd48ddddc88cb1bb7546bacc3ba11.code /var/www/html/decameron/~/.vscode-root/CachedData/fcac248b077b55bae4ba5bab613fd6e9156c2f0c/DataPoint-11dae0b3d503fd29a93edf433146f624.code /var/www/html/decameron/~/.vscode-root/CachedData/fcac248b077b55bae4ba5bab613fd6e9156c2f0c/DataPointType-4a3d4fc898a6f4afe2e51df752da3199.code /var/www/html/decameron/~/.vscode-root/CachedData/fcac248b077b55bae4ba5bab613fd6e9156c2f0c/Domain-c1ad967bce419bc3879f4dff2041abec.code /var/www/html/decameron/~/.vscode-root/CachedData/fcac248b077b55bae4ba5bab613fd6e9156c2f0c/Envelope-a34d20dfc0ed14053f24de2ae4d2e3a8.code /var/www/html/decameron/~/.vscode-root/CachedData/fcac248b077b55bae4ba5bab613fd6e9156c2f0c/EnvelopeFactory-8016ec24d32d1a88e956732c3fd47ad1.code /var/www/html/decameron/~/.vscode-root/CachedData/fcac248b077b55bae4ba5bab613fd6e9156c2f0c/EventData-11d3cb4cdfb2eb81782800318969232a.code /var/www/html/decameron/~/.vscode-root/CachedData/fcac248b077b55bae4ba5bab613fd6e9156c2f0c/ExceptionData-355dac0f775b6c0fb739ab669d511bd3.code /var/www/html/decameron/~/.vscode-root/CachedData/fcac248b077b55bae4ba5bab613fd6e9156c2f0c/ExceptionDetails-e4910b78e7450e21c0dc8fc2431251e7.code /var/www/html/decameron/~/.vscode-root/CachedData/fcac248b077b55bae4ba5bab613fd6e9156c2f0c/Exceptions-ce3515b131df2975e128a395ad483526.code /var/www/html/decameron/~/.vscode-root/CachedData/fcac248b077b55bae4ba5bab613fd6e9156c2f0c/HttpDependencies-6f86248c9aaf2ead3e35a72bbdccef53.code /var/www/html/decameron/~/.vscode-root/CachedData/fcac248b077b55bae4ba5bab613fd6e9156c2f0c/HttpDependencyParser-cce3b6e92fc71131deb2e576212b2a7d.code /var/www/html/decameron/~/.vscode-root/CachedData/fcac248b077b55bae4ba5bab613fd6e9156c2f0c/HttpRequestParser-de9ae7dde7a38b9d900cfe5a1510fde3.code /var/www/html/decameron/~/.vscode-root/CachedData/fcac248b077b55bae4ba5bab613fd6e9156c2f0c/HttpRequests-4eabf0ca5b07c20c8dcd71fe63806043.code /var/www/html/decameron/~/.vscode-root/CachedData/fcac248b077b55bae4ba5bab613fd6e9156c2f0c/Logging-5770d5197b0cf4f7d5d57a495d74dae1.code /var/www/html/decameron/~/.vscode-root/CachedData/fcac248b077b55bae4ba5bab613fd6e9156c2f0c/MessageData-d79b5ee6f7b7c080013fb57f08d7b553.code /var/www/html/decameron/~/.vscode-root/CachedData/fcac248b077b55bae4ba5bab613fd6e9156c2f0c/MetricData-a515aa23153c17d851a485ab3ebfe918.code /var/www/html/decameron/~/.vscode-root/CachedData/fcac248b077b55bae4ba5bab613fd6e9156c2f0c/NodeClient-c8b8720283e5366683778453de992d75.code /var/www/html/decameron/~/.vscode-root/CachedData/fcac248b077b55bae4ba5bab613fd6e9156c2f0c/PageViewData-fea5450469e3a6a955bd9e6071cd3f00.code /var/www/html/decameron/~/.vscode-root/CachedData/fcac248b077b55bae4ba5bab613fd6e9156c2f0c/Performance-0efcb0e268376fb12b1c41ec6e79bfdf.code /var/www/html/decameron/~/.vscode-root/CachedData/fcac248b077b55bae4ba5bab613fd6e9156c2f0c/RemoteDependencyData-dc4d421bdc084be111d266be52f87626.code /var/www/html/decameron/~/.vscode-root/CachedData/fcac248b077b55bae4ba5bab613fd6e9156c2f0c/RequestData-317d985ee189cdfa08ec23015efbb509.code /var/www/html/decameron/~/.vscode-root/CachedData/fcac248b077b55bae4ba5bab613fd6e9156c2f0c/RequestParser-d4ed67e81977989c10d027d39762c377.code /var/www/html/decameron/~/.vscode-root/CachedData/fcac248b077b55bae4ba5bab613fd6e9156c2f0c/RequestResponseHeaders-951b93e2da90894e41754234f15d7d53.code /var/www/html/decameron/~/.vscode-root/CachedData/fcac248b077b55bae4ba5bab613fd6e9156c2f0c/SamplingTelemetryProcessor-6ea4bb431e5ea30ac9d867a80b86550d.code /var/www/html/decameron/~/.vscode-root/CachedData/fcac248b077b55bae4ba5bab613fd6e9156c2f0c/Sender-164e8c64c948a361878eecada5c5ed72.code /var/www/html/decameron/~/.vscode-root/CachedData/fcac248b077b55bae4ba5bab613fd6e9156c2f0c/SeverityLevel-964e25da1b4ea9da0d91f617086b7f8c.code /var/www/html/decameron/~/.vscode-root/CachedData/fcac248b077b55bae4ba5bab613fd6e9156c2f0c/StackFrame-537ff530d2c38c67257c1b1c5efea114.code /var/www/html/decameron/~/.vscode-root/CachedData/fcac248b077b55bae4ba5bab613fd6e9156c2f0c/TelemetryClient-5a39e3c1a2d65e809d3c398d4f7dd982.code /var/www/html/decameron/~/.vscode-root/CachedData/fcac248b077b55bae4ba5bab613fd6e9156c2f0c/TelemetryType-f1bb2d3cb5bced7ad9fc13e5d47572ba.code /var/www/html/decameron/~/.vscode-root/CachedData/fcac248b077b55bae4ba5bab613fd6e9156c2f0c/Util-98469b8b2f5d9d29849fbab9c01f98b8.code /var/www/html/decameron/~/.vscode-root/CachedData/fcac248b077b55bae4ba5bab613fd6e9156c2f0c/applicationinsights-a46ef9bc228c6c006b9f2f611adde35d.code /var/www/html/decameron/~/.vscode-root/CachedData/fcac248b077b55bae4ba5bab613fd6e9156c2f0c/big5-e25e810bd5c57a88b6422b7405555ba2.code /var/www/html/decameron/~/.vscode-root/CachedData/fcac248b077b55bae4ba5bab613fd6e9156c2f0c/big5freq-447624ccbf6f9643daa210751922a233.code /var/www/html/decameron/~/.vscode-root/CachedData/fcac248b077b55bae4ba5bab613fd6e9156c2f0c/big5prober-63b7b9de473f5d8dfe7be84c7cdb7ddc.code /var/www/html/decameron/~/.vscode-root/CachedData/fcac248b077b55bae4ba5bab613fd6e9156c2f0c/bindings-175d9346667cd5644354fb4413516a11.code /var/www/html/decameron/~/.vscode-root/CachedData/fcac248b077b55bae4ba5bab613fd6e9156c2f0c/bindings-3df5c8ee749d27d1f935b9a6f1b5cc28.code /var/www/html/decameron/~/.vscode-root/CachedData/fcac248b077b55bae4ba5bab613fd6e9156c2f0c/bindings-5dbccbe23bea19b219468599f7ee17a4.code /var/www/html/decameron/~/.vscode-root/CachedData/fcac248b077b55bae4ba5bab613fd6e9156c2f0c/bindings-f4b3550a67bd3264e949c0362a53e41e.code /var/www/html/decameron/~/.vscode-root/CachedData/fcac248b077b55bae4ba5bab613fd6e9156c2f0c/chardistribution-91feecd1dd626f9bd96e7fe7c479cee4.code /var/www/html/decameron/~/.vscode-root/CachedData/fcac248b077b55bae4ba5bab613fd6e9156c2f0c/charsetgroupprober-68ff8052f72a82f44f5eda2eca69b33c.code /var/www/html/decameron/~/.vscode-root/CachedData/fcac248b077b55bae4ba5bab613fd6e9156c2f0c/charsetprober-2b2e916fa427c0d1e28c50e8ec17eee9.code /var/www/html/decameron/~/.vscode-root/CachedData/fcac248b077b55bae4ba5bab613fd6e9156c2f0c/clone-1672e8f0e54999958cc4115b8d0af9b2.code /var/www/html/decameron/~/.vscode-root/CachedData/fcac248b077b55bae4ba5bab613fd6e9156c2f0c/clone-7edc3fe6cc7da7aa04fcdfb20376bb69.code /var/www/html/decameron/~/.vscode-root/CachedData/fcac248b077b55bae4ba5bab613fd6e9156c2f0c/clone-cd9f636613c123dcaefa23982d54c2df.code /var/www/html/decameron/~/.vscode-root/CachedData/fcac248b077b55bae4ba5bab613fd6e9156c2f0c/codingstatemachine-035d928d6a7d4b0f3e5bf14ef3121313.code /var/www/html/decameron/~/.vscode-root/CachedData/fcac248b077b55bae4ba5bab613fd6e9156c2f0c/common-9048791b0f23db822840e5c7cc4f80c5.code /var/www/html/decameron/~/.vscode-root/CachedData/fcac248b077b55bae4ba5bab613fd6e9156c2f0c/common-9ecd22fa7e8f1c95721cfc69ff586466.code /var/www/html/decameron/~/.vscode-root/CachedData/fcac248b077b55bae4ba5bab613fd6e9156c2f0c/compile-bf7ed87388524c41b61e9884334bcb9e.code /var/www/html/decameron/~/.vscode-root/CachedData/fcac248b077b55bae4ba5bab613fd6e9156c2f0c/constants-0140026794200047d84b94db797e3af1.code /var/www/html/decameron/~/.vscode-root/CachedData/fcac248b077b55bae4ba5bab613fd6e9156c2f0c/constants-0cc25ca39e4727c959c09a014bdb842d.code /var/www/html/decameron/~/.vscode-root/CachedData/fcac248b077b55bae4ba5bab613fd6e9156c2f0c/constants-2b984bbad45801e4bf6a7a71f3fd45af.code /var/www/html/decameron/~/.vscode-root/CachedData/fcac248b077b55bae4ba5bab613fd6e9156c2f0c/constants-47ba6080335bd4ea3c7a775c3993c1a9.code /var/www/html/decameron/~/.vscode-root/CachedData/fcac248b077b55bae4ba5bab613fd6e9156c2f0c/constants-59f42849d693c8e47e6090c9a955cd32.code /var/www/html/decameron/~/.vscode-root/CachedData/fcac248b077b55bae4ba5bab613fd6e9156c2f0c/constants-99b900b2a99d07eb43fb2a925650dd9d.code /var/www/html/decameron/~/.vscode-root/CachedData/fcac248b077b55bae4ba5bab613fd6e9156c2f0c/debug-3f3ead0d14338683d53d05124401e5c1.code /var/www/html/decameron/~/.vscode-root/CachedData/fcac248b077b55bae4ba5bab613fd6e9156c2f0c/emmetNodeMain-e065cb9d19d0553c8613f6875e7ec94b.code /var/www/html/decameron/~/.vscode-root/CachedData/fcac248b077b55bae4ba5bab613fd6e9156c2f0c/escprober-38941c9700ec5a7ab551257c177c4600.code /var/www/html/decameron/~/.vscode-root/CachedData/fcac248b077b55bae4ba5bab613fd6e9156c2f0c/escsm-ffb41c1e95d76d73d22d8f772d69ef40.code /var/www/html/decameron/~/.vscode-root/CachedData/fcac248b077b55bae4ba5bab613fd6e9156c2f0c/eucjp-dd8477eba30c5e6eaa6219a859349d53.code /var/www/html/decameron/~/.vscode-root/CachedData/fcac248b077b55bae4ba5bab613fd6e9156c2f0c/eucjpprober-6c9d63a1a3516ba64359475eb4b303d7.code /var/www/html/decameron/~/.vscode-root/CachedData/fcac248b077b55bae4ba5bab613fd6e9156c2f0c/euckr-6475d8ec684344c47444ceb5f78bbdd7.code /var/www/html/decameron/~/.vscode-root/CachedData/fcac248b077b55bae4ba5bab613fd6e9156c2f0c/euckrfreq-9789290427c6d95518532a20cf652795.code /var/www/html/decameron/~/.vscode-root/CachedData/fcac248b077b55bae4ba5bab613fd6e9156c2f0c/euckrprober-ba6214f4753d5877effdb73a10fe5f59.code /var/www/html/decameron/~/.vscode-root/CachedData/fcac248b077b55bae4ba5bab613fd6e9156c2f0c/euctw-2692c7729269f3ec40ac7ceabf4a8315.code /var/www/html/decameron/~/.vscode-root/CachedData/fcac248b077b55bae4ba5bab613fd6e9156c2f0c/euctwfreq-bc9339e1644ce1893661f57a027981dc.code /var/www/html/decameron/~/.vscode-root/CachedData/fcac248b077b55bae4ba5bab613fd6e9156c2f0c/euctwprober-01de135288916a60d019d1502fd27b25.code
> git add -A -- /var/www/html/decameron/~/.vscode-root/CachedData/fcac248b077b55bae4ba5bab613fd6e9156c2f0c/expand-59af20e266975498d468be84042f54af.code /var/www/html/decameron/~/.vscode-root/CachedData/fcac248b077b55bae4ba5bab613fd6e9156c2f0c/extension-7d6ea6ac37d2ee2e7d7f56bc8bf7f4bd.code /var/www/html/decameron/~/.vscode-root/CachedData/fcac248b077b55bae4ba5bab613fd6e9156c2f0c/extension-81e537c7b956946f250d96629c32464b.code /var/www/html/decameron/~/.vscode-root/CachedData/fcac248b077b55bae4ba5bab613fd6e9156c2f0c/extension-91047540c5f699b90230b4055fbc16ac.code /var/www/html/decameron/~/.vscode-root/CachedData/fcac248b077b55bae4ba5bab613fd6e9156c2f0c/extension-aeb473ae05ad8b26bd49748a2351ca16.code /var/www/html/decameron/~/.vscode-root/CachedData/fcac248b077b55bae4ba5bab613fd6e9156c2f0c/extension-be267cb6a92239de1bdd8d7a63baf399.code /var/www/html/decameron/~/.vscode-root/CachedData/fcac248b077b55bae4ba5bab613fd6e9156c2f0c/extension-fe07641d0496121d6a7cd3ee74d7a1c6.code /var/www/html/decameron/~/.vscode-root/CachedData/fcac248b077b55bae4ba5bab613fd6e9156c2f0c/extensionHostProcess-e938e956bfb0c9959093b831ef2b29d0.code /var/www/html/decameron/~/.vscode-root/CachedData/fcac248b077b55bae4ba5bab613fd6e9156c2f0c/extensionHostProcess.nls-341988fc050179bb26a339f4a6e71ef0.code /var/www/html/decameron/~/.vscode-root/CachedData/fcac248b077b55bae4ba5bab613fd6e9156c2f0c/fsevents-handler-b07ad02b6feb9ded52b48e2caae2283a.code /var/www/html/decameron/~/.vscode-root/CachedData/fcac248b077b55bae4ba5bab613fd6e9156c2f0c/gb2312-79b78bf9de0ec2ba7e13fbba1843c3c4.code /var/www/html/decameron/~/.vscode-root/CachedData/fcac248b077b55bae4ba5bab613fd6e9156c2f0c/gb2312freq-bd8e50a6ae1edc49e1af846c1db21e58.code /var/www/html/decameron/~/.vscode-root/CachedData/fcac248b077b55bae4ba5bab613fd6e9156c2f0c/gb2312prober-9a1cf769a835e21e266d125185673369.code /var/www/html/decameron/~/.vscode-root/CachedData/fcac248b077b55bae4ba5bab613fd6e9156c2f0c/graceful-fs-ab21b6aa861b1ddc39a1f09feb6d1f44.code /var/www/html/decameron/~/.vscode-root/CachedData/fcac248b077b55bae4ba5bab613fd6e9156c2f0c/graceful-fs-d9f2b1e0c7cba03bfdfc19a918fcc5a9.code /var/www/html/decameron/~/.vscode-root/CachedData/fcac248b077b55bae4ba5bab613fd6e9156c2f0c/graceful-fs-e2b508dc1df7f492da2b5b08ddf88a53.code /var/www/html/decameron/~/.vscode-root/CachedData/fcac248b077b55bae4ba5bab613fd6e9156c2f0c/hebrewprober-69b76e82caa126bd71165afe1856332d.code /var/www/html/decameron/~/.vscode-root/CachedData/fcac248b077b55bae4ba5bab613fd6e9156c2f0c/helpers-e01e77798f5dc7826985f78d2e97777d.code /var/www/html/decameron/~/.vscode-root/CachedData/fcac248b077b55bae4ba5bab613fd6e9156c2f0c/index-0159f7f71868fbdf92a095eee689429e.code /var/www/html/decameron/~/.vscode-root/CachedData/fcac248b077b55bae4ba5bab613fd6e9156c2f0c/index-015ad4a305d656d07e269c09b0051402.code /var/www/html/decameron/~/.vscode-root/CachedData/fcac248b077b55bae4ba5bab613fd6e9156c2f0c/index-0a115799e21356f24ed0f121f6ec3121.code /var/www/html/decameron/~/.vscode-root/CachedData/fcac248b077b55bae4ba5bab613fd6e9156c2f0c/index-10d47c8a404b84d976de2e1db0303b38.code /var/www/html/decameron/~/.vscode-root/CachedData/fcac248b077b55bae4ba5bab613fd6e9156c2f0c/index-1566ab1140fda51a29ae23ece8edf686.code /var/www/html/decameron/~/.vscode-root/CachedData/fcac248b077b55bae4ba5bab613fd6e9156c2f0c/index-1793a5eaaf545ec07247e8f203038287.code /var/www/html/decameron/~/.vscode-root/CachedData/fcac248b077b55bae4ba5bab613fd6e9156c2f0c/index-17fc2610b89f89efa216bad9cd148677.code /var/www/html/decameron/~/.vscode-root/CachedData/fcac248b077b55bae4ba5bab613fd6e9156c2f0c/index-18247e1c9ac2dca2a31d02515c9ff5c0.code /var/www/html/decameron/~/.vscode-root/CachedData/fcac248b077b55bae4ba5bab613fd6e9156c2f0c/index-1a9a94c1fd1faa0c3cca3633b31625ec.code /var/www/html/decameron/~/.vscode-root/CachedData/fcac248b077b55bae4ba5bab613fd6e9156c2f0c/index-1e100a96ad36eaab250f91ec24929eb9.code /var/www/html/decameron/~/.vscode-root/CachedData/fcac248b077b55bae4ba5bab613fd6e9156c2f0c/index-20958e03db47b10b272e675f608374c0.code /var/www/html/decameron/~/.vscode-root/CachedData/fcac248b077b55bae4ba5bab613fd6e9156c2f0c/index-2be369b46b3faeed4acc87aa7692c931.code /var/www/html/decameron/~/.vscode-root/CachedData/fcac248b077b55bae4ba5bab613fd6e9156c2f0c/index-345f66c0046046b7b6804501caee5dda.code /var/www/html/decameron/~/.vscode-root/CachedData/fcac248b077b55bae4ba5bab613fd6e9156c2f0c/index-362262c8b2469057caced48fc1ad2477.code /var/www/html/decameron/~/.vscode-root/CachedData/fcac248b077b55bae4ba5bab613fd6e9156c2f0c/index-390e8a310a96076752f772dd0b9207f7.code /var/www/html/decameron/~/.vscode-root/CachedData/fcac248b077b55bae4ba5bab613fd6e9156c2f0c/index-40d6371df89b5303e80ce38976dcefe7.code /var/www/html/decameron/~/.vscode-root/CachedData/fcac248b077b55bae4ba5bab613fd6e9156c2f0c/index-4291001864b38fb810d30245c0f55d06.code /var/www/html/decameron/~/.vscode-root/CachedData/fcac248b077b55bae4ba5bab613fd6e9156c2f0c/index-473eb0057289dd6bf6faf11691594e8a.code /var/www/html/decameron/~/.vscode-root/CachedData/fcac248b077b55bae4ba5bab613fd6e9156c2f0c/index-47df40ff18186d4460c0ec4f1859c063.code /var/www/html/decameron/~/.vscode-root/CachedData/fcac248b077b55bae4ba5bab613fd6e9156c2f0c/index-4a07dd1717bf1c253baaae30d2dd6f94.code /var/www/html/decameron/~/.vscode-root/CachedData/fcac248b077b55bae4ba5bab613fd6e9156c2f0c/index-4f111e59940a86bdf1f482b7db44a68e.code /var/www/html/decameron/~/.vscode-root/CachedData/fcac248b077b55bae4ba5bab613fd6e9156c2f0c/index-4f141f51ab101b8a0c9003e73972a6b6.code /var/www/html/decameron/~/.vscode-root/CachedData/fcac248b077b55bae4ba5bab613fd6e9156c2f0c/index-550168a9fd136f248623601a22492a89.code /var/www/html/decameron/~/.vscode-root/CachedData/fcac248b077b55bae4ba5bab613fd6e9156c2f0c/index-629cae53148c1383b7836dce872d6c0c.code /var/www/html/decameron/~/.vscode-root/CachedData/fcac248b077b55bae4ba5bab613fd6e9156c2f0c/index-6529c2a88917b58abe203c710307221f.code /var/www/html/decameron/~/.vscode-root/CachedData/fcac248b077b55bae4ba5bab613fd6e9156c2f0c/index-6bd4a88bbb5f4b402643ecd16207fccc.code /var/www/html/decameron/~/.vscode-root/CachedData/fcac248b077b55bae4ba5bab613fd6e9156c2f0c/index-6c3de34bc1ad08eef8df7271ac052ffc.code /var/www/html/decameron/~/.vscode-root/CachedData/fcac248b077b55bae4ba5bab613fd6e9156c2f0c/index-73896d2e17030b92684cd88bb9e827f6.code /var/www/html/decameron/~/.vscode-root/CachedData/fcac248b077b55bae4ba5bab613fd6e9156c2f0c/index-7419eba9c60e4ac85961512d7b1ec521.code /var/www/html/decameron/~/.vscode-root/CachedData/fcac248b077b55bae4ba5bab613fd6e9156c2f0c/index-742c33b1b05a85deb6d4e96487132abe.code /var/www/html/decameron/~/.vscode-root/CachedData/fcac248b077b55bae4ba5bab613fd6e9156c2f0c/index-74eb0718c7ae52828efe08104608c676.code /var/www/html/decameron/~/.vscode-root/CachedData/fcac248b077b55bae4ba5bab613fd6e9156c2f0c/index-74ebe31825aee3545508889ca3f74add.code /var/www/html/decameron/~/.vscode-root/CachedData/fcac248b077b55bae4ba5bab613fd6e9156c2f0c/index-7e4e5764649d99983c422cfd896c43ed.code /var/www/html/decameron/~/.vscode-root/CachedData/fcac248b077b55bae4ba5bab613fd6e9156c2f0c/index-886d400e72b6de561b4a0f66eccd750a.code /var/www/html/decameron/~/.vscode-root/CachedData/fcac248b077b55bae4ba5bab613fd6e9156c2f0c/index-897563aa63f5c3c2ab211631671d85e1.code /var/www/html/decameron/~/.vscode-root/CachedData/fcac248b077b55bae4ba5bab613fd6e9156c2f0c/index-89dbd6752ef7024487aba2dd52ef4833.code /var/www/html/decameron/~/.vscode-root/CachedData/fcac248b077b55bae4ba5bab613fd6e9156c2f0c/index-8e0def827a03abb5a25a8dc5e584c3e8.code /var/www/html/decameron/~/.vscode-root/CachedData/fcac248b077b55bae4ba5bab613fd6e9156c2f0c/index-9235400d2841caf64ae2ceded5e64c15.code /var/www/html/decameron/~/.vscode-root/CachedData/fcac248b077b55bae4ba5bab613fd6e9156c2f0c/index-9419daf904615a095ced7ada3d8a17e9.code /var/www/html/decameron/~/.vscode-root/CachedData/fcac248b077b55bae4ba5bab613fd6e9156c2f0c/index-9d38325b8cc640e9423f01afafe6c908.code /var/www/html/decameron/~/.vscode-root/CachedData/fcac248b077b55bae4ba5bab613fd6e9156c2f0c/index-a07acf9734acc531d443a9839ad09528.code /var/www/html/decameron/~/.vscode-root/CachedData/fcac248b077b55bae4ba5bab613fd6e9156c2f0c/index-a56565a1b04964e53940615091bb262e.code /var/www/html/decameron/~/.vscode-root/CachedData/fcac248b077b55bae4ba5bab613fd6e9156c2f0c/index-b423703962ac4ade22be2310b61e2f01.code /var/www/html/decameron/~/.vscode-root/CachedData/fcac248b077b55bae4ba5bab613fd6e9156c2f0c/index-b43597555c05124a1bc2a65e2ee18085.code /var/www/html/decameron/~/.vscode-root/CachedData/fcac248b077b55bae4ba5bab613fd6e9156c2f0c/index-b7abd06ad4efdf795dc685715e3e49bb.code /var/www/html/decameron/~/.vscode-root/CachedData/fcac248b077b55bae4ba5bab613fd6e9156c2f0c/index-b8c910a06c9749bdd5f06038d1f5e81c.code /var/www/html/decameron/~/.vscode-root/CachedData/fcac248b077b55bae4ba5bab613fd6e9156c2f0c/index-bb00a854eeed8ab44b9ac11d8b0d72d4.code /var/www/html/decameron/~/.vscode-root/CachedData/fcac248b077b55bae4ba5bab613fd6e9156c2f0c/index-be73f0ff91ea7ba108a1b2b8e9a9479b.code /var/www/html/decameron/~/.vscode-root/CachedData/fcac248b077b55bae4ba5bab613fd6e9156c2f0c/index-c0c055388690ac647dce6edc0c80037a.code /var/www/html/decameron/~/.vscode-root/CachedData/fcac248b077b55bae4ba5bab613fd6e9156c2f0c/index-c1fc95ff01547f6ca748f6beb4818df1.code /var/www/html/decameron/~/.vscode-root/CachedData/fcac248b077b55bae4ba5bab613fd6e9156c2f0c/index-c3d64086599a5c1b1a9c3537a76fe8bc.code /var/www/html/decameron/~/.vscode-root/CachedData/fcac248b077b55bae4ba5bab613fd6e9156c2f0c/index-ce7d56df05fa662b0702854fc25a9b4f.code /var/www/html/decameron/~/.vscode-root/CachedData/fcac248b077b55bae4ba5bab613fd6e9156c2f0c/index-d7804ca55e74873e2e91a7954a0d1353.code /var/www/html/decameron/~/.vscode-root/CachedData/fcac248b077b55bae4ba5bab613fd6e9156c2f0c/index-dc69c60f39def75ac886be9b12b1d7b6.code /var/www/html/decameron/~/.vscode-root/CachedData/fcac248b077b55bae4ba5bab613fd6e9156c2f0c/index-e13d052f201fe1ce5d007f4c3c4f2c99.code /var/www/html/decameron/~/.vscode-root/CachedData/fcac248b077b55bae4ba5bab613fd6e9156c2f0c/index-eea82fa8e9999159df93b2cdb937f56d.code /var/www/html/decameron/~/.vscode-root/CachedData/fcac248b077b55bae4ba5bab613fd6e9156c2f0c/index-ff38ff2b4e89b77e45174d22baba63ad.code /var/www/html/decameron/~/.vscode-root/CachedData/fcac248b077b55bae4ba5bab613fd6e9156c2f0c/initialization-5e9909d3ac7d80250744f47fbdc01978.code /var/www/html/decameron/~/.vscode-root/CachedData/fcac248b077b55bae4ba5bab613fd6e9156c2f0c/ip-f454b9812c686e64c9a8f5ba157e0d36.code /var/www/html/decameron/~/.vscode-root/CachedData/fcac248b077b55bae4ba5bab613fd6e9156c2f0c/jisfreq-69f1d273ba27859f315ca93e6edef276.code /var/www/html/decameron/~/.vscode-root/CachedData/fcac248b077b55bae4ba5bab613fd6e9156c2f0c/jpcntx-fdc93f28a9663f07ce0f480f76d6fe3f.code /var/www/html/decameron/~/.vscode-root/CachedData/fcac248b077b55bae4ba5bab613fd6e9156c2f0c/keytar-9a0c75a37a5aa4068b28ccc10747d82b.code /var/www/html/decameron/~/.vscode-root/CachedData/fcac248b077b55bae4ba5bab613fd6e9156c2f0c/langbulgarianmodel-be01e0ee56ccd2f80d0a79362492ed28.code /var/www/html/decameron/~/.vscode-root/CachedData/fcac248b077b55bae4ba5bab613fd6e9156c2f0c/langcyrillicmodel-3bfe4f7bc33a01fd63ce6fd857621e1b.code /var/www/html/decameron/~/.vscode-root/CachedData/fcac248b077b55bae4ba5bab613fd6e9156c2f0c/langgreekmodel-245a07c20df4ad7f8693510170f01377.code /var/www/html/decameron/~/.vscode-root/CachedData/fcac248b077b55bae4ba5bab613fd6e9156c2f0c/langhebrewmodel-440bb4097d841fde9b1d7ed0a1102399.code /var/www/html/decameron/~/.vscode-root/CachedData/fcac248b077b55bae4ba5bab613fd6e9156c2f0c/langhungarianmodel-af8e491fd66d7934faf3b8c0e8d09b54.code /var/www/html/decameron/~/.vscode-root/CachedData/fcac248b077b55bae4ba5bab613fd6e9156c2f0c/langthaimodel-93bf04a13dd3646841e964f635b26002.code /var/www/html/decameron/~/.vscode-root/CachedData/fcac248b077b55bae4ba5bab613fd6e9156c2f0c/latin1prober-2c65a34c65c1d20469d3fb7b816e6c65.code /var/www/html/decameron/~/.vscode-root/CachedData/fcac248b077b55bae4ba5bab613fd6e9156c2f0c/legacy-streams-a65245d1688b4229c87b4cb674633d6e.code /var/www/html/decameron/~/.vscode-root/CachedData/fcac248b077b55bae4ba5bab613fd6e9156c2f0c/legacy-streams-c15652b9825eea6acd39e3891b411a05.code /var/www/html/decameron/~/.vscode-root/CachedData/fcac248b077b55bae4ba5bab613fd6e9156c2f0c/legacy-streams-cb344d46b41142b9325cecb7d2c5ae9e.code /var/www/html/decameron/~/.vscode-root/CachedData/fcac248b077b55bae4ba5bab613fd6e9156c2f0c/logger-d811e85606414b0b9e62db88b2f1b0a7.code /var/www/html/decameron/~/.vscode-root/CachedData/fcac248b077b55bae4ba5bab613fd6e9156c2f0c/main-07545b03ebcb948a5ff07e27f81d89ef.code /var/www/html/decameron/~/.vscode-root/CachedData/fcac248b077b55bae4ba5bab613fd6e9156c2f0c/main-607528d097eabd74f62cc04b544397c2.code /var/www/html/decameron/~/.vscode-root/CachedData/fcac248b077b55bae4ba5bab613fd6e9156c2f0c/main-68935303dd6cdb2f6bf9008a871a66d7.code /var/www/html/decameron/~/.vscode-root/CachedData/fcac248b077b55bae4ba5bab613fd6e9156c2f0c/main-a3078321b7f913badd3aa18bc8927e53.code /var/www/html/decameron/~/.vscode-root/CachedData/fcac248b077b55bae4ba5bab613fd6e9156c2f0c/main.nls-956ad8c538a19e90932a98f85a89fd06.code /var/www/html/decameron/~/.vscode-root/CachedData/fcac248b077b55bae4ba5bab613fd6e9156c2f0c/mbcharsetprober-361abbfe5cd053299f638650d6d97343.code /var/www/html/decameron/~/.vscode-root/CachedData/fcac248b077b55bae4ba5bab613fd6e9156c2f0c/mbcsgroupprober-e10fa7db7ef00a2732bc191b4fce3a8e.code /var/www/html/decameron/~/.vscode-root/CachedData/fcac248b077b55bae4ba5bab613fd6e9156c2f0c/mergeConflictMain-f8a5cabf610cb224dbd7f6b7b1b400a6.code /var/www/html/decameron/~/.vscode-root/CachedData/fcac248b077b55bae4ba5bab613fd6e9156c2f0c/node-23aaebbc35bea8653af9c9e491fe9a0c.code /var/www/html/decameron/~/.vscode-root/CachedData/fcac248b077b55bae4ba5bab613fd6e9156c2f0c/node-29efbc2de44e12b864d934d4fb93378b.code /var/www/html/decameron/~/.vscode-root/CachedData/fcac248b077b55bae4ba5bab613fd6e9156c2f0c/node-7712ceca0512dbc16f6ad51035262731.code /var/www/html/decameron/~/.vscode-root/CachedData/fcac248b077b55bae4ba5bab613fd6e9156c2f0c/nodefs-handler-cf93f6747a8b62082bdbc62091f2692d.code /var/www/html/decameron/~/.vscode-root/CachedData/fcac248b077b55bae4ba5bab613fd6e9156c2f0c/parse-3f32c2b5428a8ac47ae7997d2eee8f12.code /var/www/html/decameron/~/.vscode-root/CachedData/fcac248b077b55bae4ba5bab613fd6e9156c2f0c/parse-7d759e5c45ecb94ef4a45ea123bbed0b.code /var/www/html/decameron/~/.vscode-root/CachedData/fcac248b077b55bae4ba5bab613fd6e9156c2f0c/parse-944d296091de1896ff743099c21a15b9.code /var/www/html/decameron/~/.vscode-root/CachedData/fcac248b077b55bae4ba5bab613fd6e9156c2f0c/patch-core-1538dcc3a2c977c6b40bb3f32c1903c6.code /var/www/html/decameron/~/.vscode-root/CachedData/fcac248b077b55bae4ba5bab613fd6e9156c2f0c/patch-core-4853a3a6ecbe2c1e4de5c0de51454fe6.code /var/www/html/decameron/~/.vscode-root/CachedData/fcac248b077b55bae4ba5bab613fd6e9156c2f0c/patch-core-fdbd83bc0b42502cc842a18f60984af2.code /var/www/html/decameron/~/.vscode-root/CachedData/fcac248b077b55bae4ba5bab613fd6e9156c2f0c/paths-cd1505d524078d653ef4b7fdcc71eb37.code /var/www/html/decameron/~/.vscode-root/CachedData/fcac248b077b55bae4ba5bab613fd6e9156c2f0c/paths-f674ffb496d5c6d248682c8533d7bdeb.code /var/www/html/decameron/~/.vscode-root/CachedData/fcac248b077b55bae4ba5bab613fd6e9156c2f0c/phpMain-45d1ce596fd70d6b425cc9df2db74ba7.code /var/www/html/decameron/~/.vscode-root/CachedData/fcac248b077b55bae4ba5bab613fd6e9156c2f0c/picomatch-110b4a0caab43b8a3a540863a2357fdc.code /var/www/html/decameron/~/.vscode-root/CachedData/fcac248b077b55bae4ba5bab613fd6e9156c2f0c/picomatch-4578cfbea90b9bc1e5ab6dccb6765939.code /var/www/html/decameron/~/.vscode-root/CachedData/fcac248b077b55bae4ba5bab613fd6e9156c2f0c/polyfills-5dd87b555c8f847a9b86fe82329e8549.code /var/www/html/decameron/~/.vscode-root/CachedData/fcac248b077b55bae4ba5bab613fd6e9156c2f0c/polyfills-a11e8e839692cbaf67f81170f1c5e365.code /var/www/html/decameron/~/.vscode-root/CachedData/fcac248b077b55bae4ba5bab613fd6e9156c2f0c/polyfills-cca83a712557f28d09b594ba71df6fce.code /var/www/html/decameron/~/.vscode-root/CachedData/fcac248b077b55bae4ba5bab613fd6e9156c2f0c/promise-4e71ebc2a33147e074ffc73bf960b757.code /var/www/html/decameron/~/.vscode-root/CachedData/fcac248b077b55bae4ba5bab613fd6e9156c2f0c/promisify-9cb68d5a764102ca8db30ee92bd3d1b3.code /var/www/html/decameron/~/.vscode-root/CachedData/fcac248b077b55bae4ba5bab613fd6e9156c2f0c/receivebuffer-f46164c2147b21047a84d23b47095fbf.code /var/www/html/decameron/~/.vscode-root/CachedData/fcac248b077b55bae4ba5bab613fd6e9156c2f0c/sbcharsetprober-5aaa7cd62f26bff19edd03dbd37508ff.code /var/www/html/decameron/~/.vscode-root/CachedData/fcac248b077b55bae4ba5bab613fd6e9156c2f0c/sbcsgroupprober-c943bc3d2ff732e31c5cd7225fb59e93.code /var/www/html/decameron/~/.vscode-root/CachedData/fcac248b077b55bae4ba5bab613fd6e9156c2f0c/scan-04d23a1443b97e7573f666dbd989d3a8.code /var/www/html/decameron/~/.vscode-root/CachedData/fcac248b077b55bae4ba5bab613fd6e9156c2f0c/scan-0c33fc032b9eaf91b4b0ba6b63aaea7f.code /var/www/html/decameron/~/.vscode-root/CachedData/fcac248b077b55bae4ba5bab613fd6e9156c2f0c/sharedProcessMain-6a477d31ed7cc912edfc1e90668e15f4.code /var/www/html/decameron/~/.vscode-root/CachedData/fcac248b077b55bae4ba5bab613fd6e9156c2f0c/sharedProcessMain.nls-9489c7a745a78650ec8ed665280718b7.code /var/www/html/decameron/~/.vscode-root/CachedData/fcac248b077b55bae4ba5bab613fd6e9156c2f0c/sjis-4c7a9fa16f2ee194d55d3ec7ff15c6cd.code /var/www/html/decameron/~/.vscode-root/CachedData/fcac248b077b55bae4ba5bab613fd6e9156c2f0c/sjisprober-e4b4cb0ca3d26a8e135655e13e0cfb95.code /var/www/html/decameron/~/.vscode-root/CachedData/fcac248b077b55bae4ba5bab613fd6e9156c2f0c/smartbuffer-b72e80aa8a3c414943e705d6e29c93cd.code /var/www/html/decameron/~/.vscode-root/CachedData/fcac248b077b55bae4ba5bab613fd6e9156c2f0c/socksclient-6a388774eb91a64537954a35624201a0.code /var/www/html/decameron/~/.vscode-root/CachedData/fcac248b077b55bae4ba5bab613fd6e9156c2f0c/sqlite3-6695c45ae01b19f73b09836a79964900.code /var/www/html/decameron/~/.vscode-root/CachedData/fcac248b077b55bae4ba5bab613fd6e9156c2f0c/sqlite3-816574f98bfb862eda1972ed0e40cd3c.code /var/www/html/decameron/~/.vscode-root/CachedData/fcac248b077b55bae4ba5bab613fd6e9156c2f0c/stringify-f70f9759cd8598ef6faaa6ab32cecd4a.code /var/www/html/decameron/~/.vscode-root/CachedData/fcac248b077b55bae4ba5bab613fd6e9156c2f0c/tas-client-umd-cde6fccce6d5fe0753fb692014523288.code /var/www/html/decameron/~/.vscode-root/CachedData/fcac248b077b55bae4ba5bab613fd6e9156c2f0c/universaldetector-7fd2da8cd913afad3493cf3a62fa273a.code /var/www/html/decameron/~/.vscode-root/CachedData/fcac248b077b55bae4ba5bab613fd6e9156c2f0c/utf8-7c16a38bbdef37ab25a2d55f640b3598.code /var/www/html/decameron/~/.vscode-root/CachedData/fcac248b077b55bae4ba5bab613fd6e9156c2f0c/utf8prober-65fe9a0f94e678959ac5be50ad021c41.code /var/www/html/decameron/~/.vscode-root/CachedData/fcac248b077b55bae4ba5bab613fd6e9156c2f0c/util-75263de8446ee6609a665c44a324de46.code /var/www/html/decameron/~/.vscode-root/CachedData/fcac248b077b55bae4ba5bab613fd6e9156c2f0c/utils-5ec57e0dfc78970ee131f07f2893e10b.code /var/www/html/decameron/~/.vscode-root/CachedData/fcac248b077b55bae4ba5bab613fd6e9156c2f0c/utils-7f7f05cf26f9d423a8d52d3a207b2fd1.code /var/www/html/decameron/~/.vscode-root/CachedData/fcac248b077b55bae4ba5bab613fd6e9156c2f0c/utils-e8c80217662a19bce733b07bd8cd1371.code /var/www/html/decameron/~/.vscode-root/CachedData/fcac248b077b55bae4ba5bab613fd6e9156c2f0c/utils-fc4980e64f009262ec59318b705fed08.code /var/www/html/decameron/~/.vscode-root/CachedData/fcac248b077b55bae4ba5bab613fd6e9156c2f0c/watcherApp-74f5b2016e57bb3d4915b176d7a83bda.code /var/www/html/decameron/~/.vscode-root/CachedData/fcac248b077b55bae4ba5bab613fd6e9156c2f0c/watcherApp.nls-c6d3c7d3643150929edaece5b85e161d.code /var/www/html/decameron/~/.vscode-root/CachedData/fcac248b077b55bae4ba5bab613fd6e9156c2f0c/workbench.desktop.main-f4bc6ce220b8d1eace5d5f18337d764d.code /var/www/html/decameron/~/.vscode-root/CachedData/fcac248b077b55bae4ba5bab613fd6e9156c2f0c/workbench.desktop.main.nls-1eb26667a0cadd2701f485c06634c86d.code /var/www/html/decameron/~/.vscode-root/CachedExtensions/builtin /var/www/html/decameron/~/.vscode-root/CachedExtensions/user /var/www/html/decameron/~/.vscode-root/Code Cache/js/index /var/www/html/decameron/~/.vscode-root/Code Cache/js/index-dir/the-real-index /var/www/html/decameron/~/.vscode-root/Code Cache/wasm/index /var/www/html/decameron/~/.vscode-root/Code Cache/wasm/index-dir/the-real-index /var/www/html/decameron/~/.vscode-root/Cookies /var/www/html/decameron/~/.vscode-root/Cookies-journal /var/www/html/decameron/~/.vscode-root/Crash Reports/client_id /var/www/html/decameron/~/.vscode-root/GPUCache/data_0 /var/www/html/decameron/~/.vscode-root/GPUCache/data_1 /var/www/html/decameron/~/.vscode-root/GPUCache/data_2 /var/www/html/decameron/~/.vscode-root/GPUCache/data_3 /var/www/html/decameron/~/.vscode-root/GPUCache/index /var/www/html/decameron/~/.vscode-root/Local Storage/leveldb/000003.log /var/www/html/decameron/~/.vscode-root/Local Storage/leveldb/CURRENT /var/www/html/decameron/~/.vscode-root/Local Storage/leveldb/LOCK /var/www/html/decameron/~/.vscode-root/Local Storage/leveldb/LOG /var/www/html/decameron/~/.vscode-root/Local Storage/leveldb/MANIFEST-000001 /var/www/html/decameron/~/.vscode-root/Network Persistent State /var/www/html/decameron/~/.vscode-root/TransportSecurity /var/www/html/decameron/~/.vscode-root/User/globalStorage/state.vscdb /var/www/html/decameron/~/.vscode-root/User/workspaceStorage/1628364008366/state.vscdb /var/www/html/decameron/~/.vscode-root/User/workspaceStorage/1628364008366/state.vscdb.backup /var/www/html/decameron/~/.vscode-root/User/workspaceStorage/d2a647edd43414abdbd9bfba6db2ea6f/state.vscdb /var/www/html/decameron/~/.vscode-root/User/workspaceStorage/d2a647edd43414abdbd9bfba6db2ea6f/workspace.json /var/www/html/decameron/~/.vscode-root/exthost Crash Reports/client_id /var/www/html/decameron/~/.vscode-root/languagepacks.json /var/www/html/decameron/~/.vscode-root/logs/20210807T142007/exthost1/exthost.log /var/www/html/decameron/~/.vscode-root/logs/20210807T142007/exthost1/output_logging_20210807T142009/1-Microsoft Authentication.log /var/www/html/decameron/~/.vscode-root/logs/20210807T142007/exthost1/output_logging_20210807T142009/2-Git.log /var/www/html/decameron/~/.vscode-root/logs/20210807T142007/exthost1/output_logging_20210807T142009/3-GitHub Authentication.log /var/www/html/decameron/~/.vscode-root/logs/20210807T142007/exthost1/output_logging_20210807T142022/1-Microsoft Authentication.log /var/www/html/decameron/~/.vscode-root/logs/20210807T142007/exthost1/output_logging_20210807T142022/2-Git.log /var/www/html/decameron/~/.vscode-root/logs/20210807T142007/exthost1/output_logging_20210807T142022/3-GitHub Authentication.log /var/www/html/decameron/~/.vscode-root/logs/20210807T142007/main.log /var/www/html/decameron/~/.vscode-root/logs/20210807T142007/output_1_20210807T142008/extensions.log /var/www/html/decameron/~/.vscode-root/logs/20210807T142007/output_1_20210807T142008/tasks.log /var/www/html/decameron/~/.vscode-root/logs/20210807T142007/output_1_20210807T142021/extensions.log /var/www/html/decameron/~/.vscode-root/logs/20210807T142007/output_1_20210807T142021/tasks.log /var/www/html/decameron/~/.vscode-root/logs/20210807T142007/renderer1.log /var/www/html/decameron/~/.vscode-root/logs/20210807T142007/sharedprocess.log /var/www/html/decameron/~/.vscode-root/logs/20210807T142007/telemetry.log /var/www/html/decameron/~/.vscode-root/logs/20210807T142007/userDataSync.log /var/www/html/decameron/~/.vscode-root/machineid /var/www/html/decameron/~/.vscode-root/rapid_render.json /var/www/html/decameron/~/.vscode-root/storage.json
> git status -z -u
> git symbolic-ref --short HEAD
> git rev-parse main
> git rev-parse --symbolic-full-name main@{u}
> git rev-list --left-right main...refs/remotes/origin/main
> git for-each-ref --sort -committerdate --format %(refname) %(objectname)
> git remote --verbose
> git config --get commit.template
> git ls-files --stage -- /var/www/html/decameron/test.php
> git cat-file -s a823ca67259c9c4e68d7726f854df06be1106279
> git show --textconv :test.php
> git status -z -u
> git symbolic-ref --short HEAD
> git rev-parse main
> git rev-parse --symbolic-full-name main@{u}
> git rev-list --left-right main...refs/remotes/origin/main
> git for-each-ref --sort -committerdate --format %(refname) %(objectname)
> git remote --verbose
> git config --get commit.template
> git commit --quiet --allow-empty-message --file -

*** Please tell me who you are.

Run

  git config --global user.email "you@example.com"
  git config --global user.name "Your Name"

to set your account's default identity.
Omit --global to set the identity only in this repository.

fatal: unable to auto-detect email address (got 'root@lubuntu20.(none)')
> git config --get-all user.name
> git ls-files --stage -- /var/www/html/decameron/test.php
> git cat-file -s a823ca67259c9c4e68d7726f854df06be1106279
> git show --textconv :test.php
> git status -z -u
> git symbolic-ref --short HEAD
> git rev-parse main
> git rev-parse --symbolic-full-name main@{u}
> git rev-list --left-right main...refs/remotes/origin/main
> git for-each-ref --sort -committerdate --format %(refname) %(objectname)
> git remote --verbose
> git config --get commit.template
> git commit --quiet --allow-empty-message --file -
> git status -z -u
> git symbolic-ref --short HEAD
> git rev-parse main
> git rev-parse --symbolic-full-name main@{u}
> git rev-list --left-right main...refs/remotes/origin/main
> git for-each-ref --sort -committerdate --format %(refname) %(objectname)
> git remote --verbose
> git config --get commit.template
> git config --get commit.template
> git check-ignore -v -z --stdin
> git ls-files --stage -- /var/www/html/decameron/test.php
> git cat-file -s a823ca67259c9c4e68d7726f854df06be1106279
> git show --textconv :test.php
> git status -z -u
> git symbolic-ref --short HEAD
> git rev-parse main
> git rev-parse --symbolic-full-name main@{u}
> git rev-list --left-right main...refs/remotes/origin/main
> git for-each-ref --sort -committerdate --format %(refname) %(objectname)
> git remote --verbose
> git config --get commit.template
> git add -A -- /var/www/html/decameron/~/.vscode-root/User/globalStorage/state.vscdb /var/www/html/decameron/~/.vscode-root/User/workspaceStorage/d2a647edd43414abdbd9bfba6db2ea6f/state.vscdb /var/www/html/decameron/~/.vscode-root/logs/20210807T142007/exthost1/exthost.log /var/www/html/decameron/~/.vscode-root/logs/20210807T142007/exthost1/output_logging_20210807T142022/2-Git.log /var/www/html/decameron/~/.vscode-root/storage.json
> git status -z -u
> git symbolic-ref --short HEAD
> git rev-parse main
> git rev-parse --symbolic-full-name main@{u}
> git rev-list --left-right main...refs/remotes/origin/main
> git for-each-ref --sort -committerdate --format %(refname) %(objectname)
> git remote --verbose
> git config --get commit.template
> git ls-files --stage -- /var/www/html/decameron/test.php
> git cat-file -s a823ca67259c9c4e68d7726f854df06be1106279
> git show --textconv :test.php
> git status -z -u
> git symbolic-ref --short HEAD
> git rev-parse main
> git rev-parse --symbolic-full-name main@{u}
> git rev-list --left-right main...refs/remotes/origin/main
> git for-each-ref --sort -committerdate --format %(refname) %(objectname)
> git remote --verbose
> git config --get commit.template
> git commit --quiet --allow-empty-message --file -
> git status -z -u
> git symbolic-ref --short HEAD
> git rev-parse main
> git rev-parse --symbolic-full-name main@{u}
> git rev-list --left-right main...refs/remotes/origin/main
> git for-each-ref --sort -committerdate --format %(refname) %(objectname)
> git remote --verbose
> git config --get commit.template
> git config --get commit.template
> git ls-files --stage -- /var/www/html/decameron/test.php
> git cat-file -s a823ca67259c9c4e68d7726f854df06be1106279
> git show --textconv :test.php
> git status -z -u
> git symbolic-ref --short HEAD
> git rev-parse main
> git rev-parse --symbolic-full-name main@{u}
> git rev-list --left-right main...refs/remotes/origin/main
> git for-each-ref --sort -committerdate --format %(refname) %(objectname)
> git remote --verbose
> git config --get commit.template
> git push origin main:main
Missing or invalid credentials.
Error: socket hang up
    at connResetException (internal/errors.js:570:14)
    at Socket.socketOnEnd (_http_client.js:440:23)
    at Socket.emit (events.js:228:7)
    at endReadableNT (_stream_readable.js:1185:12)
    at processTicksAndRejections (internal/process/task_queues.js:81:21) {
  code: 'ECONNRESET'
}
remote: Repository not found.
fatal: Authentication failed for 'https://github.com/ortizjeison/decameron.git/'
> git push origin main:main
Missing or invalid credentials.
Error: socket hang up
    at connResetException (internal/errors.js:570:14)
    at Socket.socketOnEnd (_http_client.js:440:23)
    at Socket.emit (events.js:228:7)
    at endReadableNT (_stream_readable.js:1185:12)
    at processTicksAndRejections (internal/process/task_queues.js:81:21) {
  code: 'ECONNRESET'
}
Missing or invalid credentials.
Error: socket hang up
    at connResetException (internal/errors.js:570:14)
    at Socket.socketOnEnd (_http_client.js:440:23)
    at Socket.emit (events.js:228:7)
    at endReadableNT (_stream_readable.js:1185:12)
    at processTicksAndRejections (internal/process/task_queues.js:81:21) {
  code: 'ECONNRESET'
}
remote: No anonymous write access.
fatal: Authentication failed for 'https://github.com/ortizjeison/decameron.git/'
